<?xml version="1.0" encoding="utf-8"?>
<CoverageSession>
  <Summary numSequencePoints="2073" visitedSequencePoints="327" numBranchPoints="910" visitedBranchPoints="144" sequenceCoverage="15.77" branchCoverage="15.82" maxCyclomaticComplexity="991" minCyclomaticComplexity="991" visitedClasses="11" numClasses="33" visitedMethods="38" numMethods="136" />
  <Modules>
    <Module hash="A205726B-712F-4524-BF7C-292AF4437C59">
      <ModulePath>CoolCurl.dll</ModulePath>
      <ModuleTime>2025-12-04T02:08:37</ModuleTime>
      <ModuleName>CoolCurl</ModuleName>
      <Files>
        <File uid="1" fullPath="e:\school\cool-curl\src\Program.cs" />
        <File uid="2" fullPath="e:\school\cool-curl\src\services\ApplicationOrchestrator.cs" />
        <File uid="3" fullPath="e:\school\cool-curl\src\services\ArgumentService.cs" />
        <File uid="4" fullPath="e:\school\cool-curl\src\services\ConfigurationService.cs" />
        <File uid="5" fullPath="e:\school\cool-curl\src\services\ConsoleWriter.cs" />
        <File uid="6" fullPath="e:\school\cool-curl\src\services\CurlService.cs" />
        <File uid="7" fullPath="e:\school\cool-curl\src\services\HelpService.cs" />
        <File uid="8" fullPath="e:\school\cool-curl\src\models\GeminiModels.cs" />
        <File uid="9" fullPath="e:\school\cool-curl\src\models\HttpMethods.cs" />
        <File uid="10" fullPath="e:\school\cool-curl\src\models\OpenAiModels.cs" />
        <File uid="11" fullPath="e:\school\cool-curl\src\models\Settings.cs" />
        <File uid="12" fullPath="e:\school\cool-curl\src\infrastructure\AiDebugService.cs" />
        <File uid="13" fullPath="e:\school\cool-curl\src\infrastructure\GeminiService.cs" />
        <File uid="14" fullPath="e:\school\cool-curl\src\infrastructure\HttpClientService.cs" />
        <File uid="15" fullPath="e:\school\cool-curl\src\infrastructure\HttpUtility.cs" />
        <File uid="16" fullPath="e:\school\cool-curl\src\infrastructure\OpenAiService.cs" />
      </Files>
      <Classes>
        <Class>
          <Summary numSequencePoints="9" visitedSequencePoints="0" numBranchPoints="0" visitedBranchPoints="0" sequenceCoverage="0" branchCoverage="100" maxCyclomaticComplexity="1" minCyclomaticComplexity="1" visitedClasses="0" numClasses="1" visitedMethods="0" numMethods="1" />
          <FullName>CoolCurl.Program/&lt;Main&gt;d__0</FullName>
          <Methods>
            <Method cyclomaticComplexity="1" nPathComplexity="1" sequenceCoverage="0" branchCoverage="100" isConstructor="False" isGetter="False" isSetter="False" isStatic="True">
              <Summary numSequencePoints="9" visitedSequencePoints="0" numBranchPoints="0" visitedBranchPoints="0" sequenceCoverage="0" branchCoverage="100" maxCyclomaticComplexity="1" minCyclomaticComplexity="1" visitedClasses="0" numClasses="0" visitedMethods="0" numMethods="1" />
              <MetadataToken />
              <Name>System.Void CoolCurl.Program/&lt;Main&gt;d__0::MoveNext()</Name>
              <FileRef uid="1" />
              <SequencePoints>
                <SequencePoint vc="0" uspid="9" ordinal="0" sl="9" sc="1" el="9" ec="2" bec="0" bev="0" fileid="1" />
                <SequencePoint vc="0" uspid="10" ordinal="1" sl="10" sc="1" el="10" ec="2" bec="0" bev="0" fileid="1" />
                <SequencePoint vc="0" uspid="11" ordinal="2" sl="11" sc="1" el="11" ec="2" bec="0" bev="0" fileid="1" />
                <SequencePoint vc="0" uspid="12" ordinal="3" sl="12" sc="1" el="12" ec="2" bec="0" bev="0" fileid="1" />
                <SequencePoint vc="0" uspid="13" ordinal="4" sl="13" sc="1" el="13" ec="2" bec="0" bev="0" fileid="1" />
                <SequencePoint vc="0" uspid="15" ordinal="5" sl="15" sc="1" el="15" ec="2" bec="0" bev="0" fileid="1" />
                <SequencePoint vc="0" uspid="16" ordinal="6" sl="16" sc="1" el="16" ec="2" bec="0" bev="0" fileid="1" />
                <SequencePoint vc="0" uspid="18" ordinal="7" sl="18" sc="1" el="18" ec="2" bec="0" bev="0" fileid="1" />
                <SequencePoint vc="0" uspid="19" ordinal="8" sl="19" sc="1" el="19" ec="2" bec="0" bev="0" fileid="1" />
              </SequencePoints>
              <BranchPoints />
              <MethodPoint vc="0" uspid="0" p8:type="SequencePoint" ordinal="0" offset="0" sc="0" sl="9" ec="1" el="19" bec="0" bev="0" fileid="1" xmlns:p8="xsi" />
            </Method>
          </Methods>
        </Class>
        <Class>
          <Summary numSequencePoints="27" visitedSequencePoints="0" numBranchPoints="6" visitedBranchPoints="0" sequenceCoverage="0" branchCoverage="0" maxCyclomaticComplexity="2" minCyclomaticComplexity="1" visitedClasses="0" numClasses="1" visitedMethods="0" numMethods="4" />
          <FullName>CoolCurl.Services.ApplicationOrchestrator</FullName>
          <Methods>
            <Method cyclomaticComplexity="2" nPathComplexity="2" sequenceCoverage="0" branchCoverage="0" isConstructor="False" isGetter="False" isSetter="False" isStatic="True">
              <Summary numSequencePoints="9" visitedSequencePoints="0" numBranchPoints="2" visitedBranchPoints="0" sequenceCoverage="0" branchCoverage="0" maxCyclomaticComplexity="2" minCyclomaticComplexity="2" visitedClasses="0" numClasses="0" visitedMethods="0" numMethods="1" />
              <MetadataToken />
              <Name>System.Boolean CoolCurl.Services.ApplicationOrchestrator::ValidateSettingsOrExit(CoolCurl.Services.ConfigurationService)</Name>
              <FileRef uid="2" />
              <SequencePoints>
                <SequencePoint vc="0" uspid="209" ordinal="0" sl="209" sc="1" el="209" ec="2" bec="0" bev="0" fileid="2" />
                <SequencePoint vc="0" uspid="210" ordinal="1" sl="210" sc="1" el="210" ec="2" bec="2" bev="0" fileid="2" />
                <SequencePoint vc="0" uspid="211" ordinal="2" sl="211" sc="1" el="211" ec="2" bec="0" bev="0" fileid="2" />
                <SequencePoint vc="0" uspid="212" ordinal="3" sl="212" sc="1" el="212" ec="2" bec="0" bev="0" fileid="2" />
                <SequencePoint vc="0" uspid="213" ordinal="4" sl="213" sc="1" el="213" ec="2" bec="0" bev="0" fileid="2" />
                <SequencePoint vc="0" uspid="214" ordinal="5" sl="214" sc="1" el="214" ec="2" bec="0" bev="0" fileid="2" />
                <SequencePoint vc="0" uspid="215" ordinal="6" sl="215" sc="1" el="215" ec="2" bec="0" bev="0" fileid="2" />
                <SequencePoint vc="0" uspid="217" ordinal="7" sl="217" sc="1" el="217" ec="2" bec="0" bev="0" fileid="2" />
                <SequencePoint vc="0" uspid="218" ordinal="8" sl="218" sc="1" el="218" ec="2" bec="0" bev="0" fileid="2" />
              </SequencePoints>
              <BranchPoints>
                <BranchPoint vc="0" uspid="210" ordinal="0" path="0" offset="14" offsetend="16" sl="210" fileid="2" />
                <BranchPoint vc="0" uspid="210" ordinal="1" path="1" offset="14" offsetend="70" sl="210" fileid="2" />
              </BranchPoints>
              <MethodPoint vc="0" uspid="0" p8:type="SequencePoint" ordinal="0" offset="0" sc="0" sl="209" ec="1" el="218" bec="0" bev="0" fileid="2" xmlns:p8="xsi" />
            </Method>
            <Method cyclomaticComplexity="2" nPathComplexity="2" sequenceCoverage="0" branchCoverage="0" isConstructor="False" isGetter="False" isSetter="False" isStatic="True">
              <Summary numSequencePoints="7" visitedSequencePoints="0" numBranchPoints="2" visitedBranchPoints="0" sequenceCoverage="0" branchCoverage="0" maxCyclomaticComplexity="2" minCyclomaticComplexity="2" visitedClasses="0" numClasses="0" visitedMethods="0" numMethods="1" />
              <MetadataToken />
              <Name>System.Void CoolCurl.Services.ApplicationOrchestrator::GenerateCurlCommandForPath(System.String,CoolCurl.Services.ArgumentService,CoolCurl.Services.ConfigurationService)</Name>
              <FileRef uid="2" />
              <SequencePoints>
                <SequencePoint vc="0" uspid="302" ordinal="0" sl="302" sc="1" el="302" ec="2" bec="0" bev="0" fileid="2" />
                <SequencePoint vc="0" uspid="303" ordinal="1" sl="303" sc="1" el="303" ec="2" bec="2" bev="0" fileid="2" />
                <SequencePoint vc="0" uspid="304" ordinal="2" sl="304" sc="1" el="304" ec="2" bec="0" bev="0" fileid="2" />
                <SequencePoint vc="0" uspid="305" ordinal="3" sl="305" sc="1" el="305" ec="2" bec="0" bev="0" fileid="2" />
                <SequencePoint vc="0" uspid="308" ordinal="4" sl="308" sc="1" el="308" ec="2" bec="0" bev="0" fileid="2" />
                <SequencePoint vc="0" uspid="309" ordinal="5" sl="309" sc="1" el="309" ec="2" bec="0" bev="0" fileid="2" />
                <SequencePoint vc="0" uspid="310" ordinal="6" sl="310" sc="1" el="310" ec="2" bec="0" bev="0" fileid="2" />
              </SequencePoints>
              <BranchPoints>
                <BranchPoint vc="0" uspid="303" ordinal="0" path="0" offset="13" offsetend="15" sl="303" fileid="2" />
                <BranchPoint vc="0" uspid="303" ordinal="1" path="1" offset="13" offsetend="18" sl="303" fileid="2" />
              </BranchPoints>
              <MethodPoint vc="0" uspid="0" p8:type="SequencePoint" ordinal="1" offset="1" sc="0" sl="302" ec="1" el="310" bec="0" bev="0" fileid="2" xmlns:p8="xsi" />
            </Method>
            <Method cyclomaticComplexity="2" nPathComplexity="2" sequenceCoverage="0" branchCoverage="0" isConstructor="False" isGetter="False" isSetter="False" isStatic="True">
              <Summary numSequencePoints="7" visitedSequencePoints="0" numBranchPoints="2" visitedBranchPoints="0" sequenceCoverage="0" branchCoverage="0" maxCyclomaticComplexity="2" minCyclomaticComplexity="2" visitedClasses="0" numClasses="0" visitedMethods="0" numMethods="1" />
              <MetadataToken />
              <Name>System.Void CoolCurl.Services.ApplicationOrchestrator::GenerateDefaultCurlCommand(CoolCurl.Services.ArgumentService,CoolCurl.Services.ConfigurationService)</Name>
              <FileRef uid="2" />
              <SequencePoints>
                <SequencePoint vc="0" uspid="330" ordinal="0" sl="330" sc="1" el="330" ec="2" bec="0" bev="0" fileid="2" />
                <SequencePoint vc="0" uspid="331" ordinal="1" sl="331" sc="1" el="331" ec="2" bec="2" bev="0" fileid="2" />
                <SequencePoint vc="0" uspid="332" ordinal="2" sl="332" sc="1" el="332" ec="2" bec="0" bev="0" fileid="2" />
                <SequencePoint vc="0" uspid="333" ordinal="3" sl="333" sc="1" el="333" ec="2" bec="0" bev="0" fileid="2" />
                <SequencePoint vc="0" uspid="336" ordinal="4" sl="336" sc="1" el="336" ec="2" bec="0" bev="0" fileid="2" />
                <SequencePoint vc="0" uspid="337" ordinal="5" sl="337" sc="1" el="337" ec="2" bec="0" bev="0" fileid="2" />
                <SequencePoint vc="0" uspid="338" ordinal="6" sl="338" sc="1" el="338" ec="2" bec="0" bev="0" fileid="2" />
              </SequencePoints>
              <BranchPoints>
                <BranchPoint vc="0" uspid="331" ordinal="0" path="0" offset="13" offsetend="15" sl="331" fileid="2" />
                <BranchPoint vc="0" uspid="331" ordinal="1" path="1" offset="13" offsetend="18" sl="331" fileid="2" />
              </BranchPoints>
              <MethodPoint vc="0" uspid="0" p8:type="SequencePoint" ordinal="2" offset="2" sc="0" sl="330" ec="1" el="338" bec="0" bev="0" fileid="2" xmlns:p8="xsi" />
            </Method>
            <Method cyclomaticComplexity="1" nPathComplexity="1" sequenceCoverage="0" branchCoverage="100" isConstructor="True" isGetter="False" isSetter="False" isStatic="True">
              <Summary numSequencePoints="4" visitedSequencePoints="0" numBranchPoints="0" visitedBranchPoints="0" sequenceCoverage="0" branchCoverage="100" maxCyclomaticComplexity="1" minCyclomaticComplexity="1" visitedClasses="0" numClasses="0" visitedMethods="0" numMethods="1" />
              <MetadataToken />
              <Name>System.Void CoolCurl.Services.ApplicationOrchestrator::.ctor(CoolCurl.Services.IConsoleWriter)</Name>
              <FileRef uid="2" />
              <SequencePoints>
                <SequencePoint vc="0" uspid="10" ordinal="0" sl="10" sc="1" el="10" ec="2" bec="0" bev="0" fileid="2" />
                <SequencePoint vc="0" uspid="11" ordinal="1" sl="11" sc="1" el="11" ec="2" bec="0" bev="0" fileid="2" />
                <SequencePoint vc="0" uspid="12" ordinal="2" sl="12" sc="1" el="12" ec="2" bec="0" bev="0" fileid="2" />
                <SequencePoint vc="0" uspid="13" ordinal="3" sl="13" sc="1" el="13" ec="2" bec="0" bev="0" fileid="2" />
              </SequencePoints>
              <BranchPoints />
              <MethodPoint vc="0" uspid="0" p8:type="SequencePoint" ordinal="3" offset="3" sc="0" sl="10" ec="1" el="13" bec="0" bev="0" fileid="2" xmlns:p8="xsi" />
            </Method>
          </Methods>
        </Class>
        <Class>
          <Summary numSequencePoints="12" visitedSequencePoints="0" numBranchPoints="4" visitedBranchPoints="0" sequenceCoverage="0" branchCoverage="0" maxCyclomaticComplexity="4" minCyclomaticComplexity="4" visitedClasses="0" numClasses="1" visitedMethods="0" numMethods="1" />
          <FullName>CoolCurl.Services.ApplicationOrchestrator/&lt;ExecuteDefaultRequestAsync&gt;d__7</FullName>
          <Methods>
            <Method cyclomaticComplexity="4" nPathComplexity="4" sequenceCoverage="0" branchCoverage="0" isConstructor="False" isGetter="False" isSetter="False" isStatic="True">
              <Summary numSequencePoints="12" visitedSequencePoints="0" numBranchPoints="4" visitedBranchPoints="0" sequenceCoverage="0" branchCoverage="0" maxCyclomaticComplexity="4" minCyclomaticComplexity="4" visitedClasses="0" numClasses="0" visitedMethods="0" numMethods="1" />
              <MetadataToken />
              <Name>System.Void CoolCurl.Services.ApplicationOrchestrator/&lt;ExecuteDefaultRequestAsync&gt;d__7::MoveNext()</Name>
              <FileRef uid="2" />
              <SequencePoints>
                <SequencePoint vc="0" uspid="313" ordinal="0" sl="313" sc="1" el="313" ec="2" bec="0" bev="0" fileid="2" />
                <SequencePoint vc="0" uspid="314" ordinal="1" sl="314" sc="1" el="314" ec="2" bec="2" bev="0" fileid="2" />
                <SequencePoint vc="0" uspid="315" ordinal="2" sl="315" sc="1" el="315" ec="2" bec="0" bev="0" fileid="2" />
                <SequencePoint vc="0" uspid="316" ordinal="3" sl="316" sc="1" el="316" ec="2" bec="0" bev="0" fileid="2" />
                <SequencePoint vc="0" uspid="319" ordinal="4" sl="319" sc="1" el="319" ec="2" bec="2" bev="0" fileid="2" />
                <SequencePoint vc="0" uspid="320" ordinal="5" sl="320" sc="1" el="320" ec="2" bec="0" bev="0" fileid="2" />
                <SequencePoint vc="0" uspid="321" ordinal="6" sl="321" sc="1" el="321" ec="2" bec="0" bev="0" fileid="2" />
                <SequencePoint vc="0" uspid="322" ordinal="7" sl="322" sc="1" el="322" ec="2" bec="0" bev="0" fileid="2" />
                <SequencePoint vc="0" uspid="323" ordinal="8" sl="323" sc="1" el="323" ec="2" bec="0" bev="0" fileid="2" />
                <SequencePoint vc="0" uspid="325" ordinal="9" sl="325" sc="1" el="325" ec="2" bec="0" bev="0" fileid="2" />
                <SequencePoint vc="0" uspid="326" ordinal="10" sl="326" sc="1" el="326" ec="2" bec="0" bev="0" fileid="2" />
                <SequencePoint vc="0" uspid="327" ordinal="11" sl="327" sc="1" el="327" ec="2" bec="0" bev="0" fileid="2" />
              </SequencePoints>
              <BranchPoints>
                <BranchPoint vc="0" uspid="314" ordinal="0" path="0" offset="40" offsetend="42" sl="314" fileid="2" />
                <BranchPoint vc="0" uspid="314" ordinal="1" path="1" offset="40" offsetend="48" sl="314" fileid="2" />
                <BranchPoint vc="0" uspid="319" ordinal="2" path="0" offset="61" offsetend="63" sl="319" fileid="2" />
                <BranchPoint vc="0" uspid="319" ordinal="3" path="1" offset="61" offsetend="102" sl="319" fileid="2" />
              </BranchPoints>
              <MethodPoint vc="0" uspid="0" p8:type="SequencePoint" ordinal="0" offset="0" sc="0" sl="313" ec="1" el="327" bec="0" bev="0" fileid="2" xmlns:p8="xsi" />
            </Method>
          </Methods>
        </Class>
        <Class>
          <Summary numSequencePoints="12" visitedSequencePoints="0" numBranchPoints="4" visitedBranchPoints="0" sequenceCoverage="0" branchCoverage="0" maxCyclomaticComplexity="4" minCyclomaticComplexity="4" visitedClasses="0" numClasses="1" visitedMethods="0" numMethods="1" />
          <FullName>CoolCurl.Services.ApplicationOrchestrator/&lt;ExecuteRequestWithPathAsync&gt;d__5</FullName>
          <Methods>
            <Method cyclomaticComplexity="4" nPathComplexity="4" sequenceCoverage="0" branchCoverage="0" isConstructor="False" isGetter="False" isSetter="False" isStatic="True">
              <Summary numSequencePoints="12" visitedSequencePoints="0" numBranchPoints="4" visitedBranchPoints="0" sequenceCoverage="0" branchCoverage="0" maxCyclomaticComplexity="4" minCyclomaticComplexity="4" visitedClasses="0" numClasses="0" visitedMethods="0" numMethods="1" />
              <MetadataToken />
              <Name>System.Void CoolCurl.Services.ApplicationOrchestrator/&lt;ExecuteRequestWithPathAsync&gt;d__5::MoveNext()</Name>
              <FileRef uid="2" />
              <SequencePoints>
                <SequencePoint vc="0" uspid="285" ordinal="0" sl="285" sc="1" el="285" ec="2" bec="0" bev="0" fileid="2" />
                <SequencePoint vc="0" uspid="286" ordinal="1" sl="286" sc="1" el="286" ec="2" bec="2" bev="0" fileid="2" />
                <SequencePoint vc="0" uspid="287" ordinal="2" sl="287" sc="1" el="287" ec="2" bec="0" bev="0" fileid="2" />
                <SequencePoint vc="0" uspid="288" ordinal="3" sl="288" sc="1" el="288" ec="2" bec="0" bev="0" fileid="2" />
                <SequencePoint vc="0" uspid="291" ordinal="4" sl="291" sc="1" el="291" ec="2" bec="2" bev="0" fileid="2" />
                <SequencePoint vc="0" uspid="292" ordinal="5" sl="292" sc="1" el="292" ec="2" bec="0" bev="0" fileid="2" />
                <SequencePoint vc="0" uspid="293" ordinal="6" sl="293" sc="1" el="293" ec="2" bec="0" bev="0" fileid="2" />
                <SequencePoint vc="0" uspid="294" ordinal="7" sl="294" sc="1" el="294" ec="2" bec="0" bev="0" fileid="2" />
                <SequencePoint vc="0" uspid="295" ordinal="8" sl="295" sc="1" el="295" ec="2" bec="0" bev="0" fileid="2" />
                <SequencePoint vc="0" uspid="297" ordinal="9" sl="297" sc="1" el="297" ec="2" bec="0" bev="0" fileid="2" />
                <SequencePoint vc="0" uspid="298" ordinal="10" sl="298" sc="1" el="298" ec="2" bec="0" bev="0" fileid="2" />
                <SequencePoint vc="0" uspid="299" ordinal="11" sl="299" sc="1" el="299" ec="2" bec="0" bev="0" fileid="2" />
              </SequencePoints>
              <BranchPoints>
                <BranchPoint vc="0" uspid="286" ordinal="0" path="0" offset="40" offsetend="42" sl="286" fileid="2" />
                <BranchPoint vc="0" uspid="286" ordinal="1" path="1" offset="40" offsetend="48" sl="286" fileid="2" />
                <BranchPoint vc="0" uspid="291" ordinal="2" path="0" offset="61" offsetend="63" sl="291" fileid="2" />
                <BranchPoint vc="0" uspid="291" ordinal="3" path="1" offset="61" offsetend="107" sl="291" fileid="2" />
              </BranchPoints>
              <MethodPoint vc="0" uspid="0" p8:type="SequencePoint" ordinal="0" offset="0" sc="0" sl="285" ec="1" el="299" bec="0" bev="0" fileid="2" xmlns:p8="xsi" />
            </Method>
          </Methods>
        </Class>
        <Class>
          <Summary numSequencePoints="52" visitedSequencePoints="0" numBranchPoints="8" visitedBranchPoints="0" sequenceCoverage="0" branchCoverage="0" maxCyclomaticComplexity="8" minCyclomaticComplexity="8" visitedClasses="0" numClasses="1" visitedMethods="0" numMethods="1" />
          <FullName>CoolCurl.Services.ApplicationOrchestrator/&lt;HandleAiPromptGenerationAsync&gt;d__4</FullName>
          <Methods>
            <Method cyclomaticComplexity="8" nPathComplexity="8" sequenceCoverage="0" branchCoverage="0" isConstructor="False" isGetter="False" isSetter="False" isStatic="True">
              <Summary numSequencePoints="52" visitedSequencePoints="0" numBranchPoints="8" visitedBranchPoints="0" sequenceCoverage="0" branchCoverage="0" maxCyclomaticComplexity="8" minCyclomaticComplexity="8" visitedClasses="0" numClasses="0" visitedMethods="0" numMethods="1" />
              <MetadataToken />
              <Name>System.Void CoolCurl.Services.ApplicationOrchestrator/&lt;HandleAiPromptGenerationAsync&gt;d__4::MoveNext()</Name>
              <FileRef uid="2" />
              <SequencePoints>
                <SequencePoint vc="0" uspid="221" ordinal="0" sl="221" sc="1" el="221" ec="2" bec="0" bev="0" fileid="2" />
                <SequencePoint vc="0" uspid="223" ordinal="1" sl="223" sc="1" el="223" ec="2" bec="0" bev="0" fileid="2" />
                <SequencePoint vc="0" uspid="224" ordinal="2" sl="224" sc="1" el="224" ec="2" bec="0" bev="0" fileid="2" />
                <SequencePoint vc="0" uspid="225" ordinal="3" sl="225" sc="1" el="225" ec="2" bec="0" bev="0" fileid="2" />
                <SequencePoint vc="0" uspid="226" ordinal="4" sl="226" sc="1" el="226" ec="2" bec="0" bev="0" fileid="2" />
                <SequencePoint vc="0" uspid="228" ordinal="5" sl="228" sc="1" el="228" ec="2" bec="0" bev="0" fileid="2" />
                <SequencePoint vc="0" uspid="229" ordinal="6" sl="229" sc="1" el="229" ec="2" bec="0" bev="0" fileid="2" />
                <SequencePoint vc="0" uspid="231" ordinal="7" sl="231" sc="1" el="231" ec="2" bec="2" bev="0" fileid="2" />
                <SequencePoint vc="0" uspid="232" ordinal="8" sl="232" sc="1" el="232" ec="2" bec="0" bev="0" fileid="2" />
                <SequencePoint vc="0" uspid="233" ordinal="9" sl="233" sc="1" el="233" ec="2" bec="0" bev="0" fileid="2" />
                <SequencePoint vc="0" uspid="234" ordinal="10" sl="234" sc="1" el="234" ec="2" bec="0" bev="0" fileid="2" />
                <SequencePoint vc="0" uspid="235" ordinal="11" sl="235" sc="1" el="235" ec="2" bec="2" bev="0" fileid="2" />
                <SequencePoint vc="0" uspid="236" ordinal="12" sl="236" sc="1" el="236" ec="2" bec="0" bev="0" fileid="2" />
                <SequencePoint vc="0" uspid="237" ordinal="13" sl="237" sc="1" el="237" ec="2" bec="0" bev="0" fileid="2" />
                <SequencePoint vc="0" uspid="238" ordinal="14" sl="238" sc="1" el="238" ec="2" bec="0" bev="0" fileid="2" />
                <SequencePoint vc="0" uspid="240" ordinal="15" sl="240" sc="1" el="240" ec="2" bec="0" bev="0" fileid="2" />
                <SequencePoint vc="0" uspid="241" ordinal="16" sl="241" sc="1" el="241" ec="2" bec="0" bev="0" fileid="2" />
                <SequencePoint vc="0" uspid="242" ordinal="17" sl="242" sc="1" el="242" ec="2" bec="0" bev="0" fileid="2" />
                <SequencePoint vc="0" uspid="243" ordinal="18" sl="243" sc="1" el="243" ec="2" bec="0" bev="0" fileid="2" />
                <SequencePoint vc="0" uspid="244" ordinal="19" sl="244" sc="1" el="244" ec="2" bec="0" bev="0" fileid="2" />
                <SequencePoint vc="0" uspid="247" ordinal="20" sl="247" sc="1" el="247" ec="2" bec="0" bev="0" fileid="2" />
                <SequencePoint vc="0" uspid="249" ordinal="21" sl="249" sc="1" el="249" ec="2" bec="2" bev="0" fileid="2" />
                <SequencePoint vc="0" uspid="250" ordinal="22" sl="250" sc="1" el="250" ec="2" bec="0" bev="0" fileid="2" />
                <SequencePoint vc="0" uspid="251" ordinal="23" sl="251" sc="1" el="251" ec="2" bec="0" bev="0" fileid="2" />
                <SequencePoint vc="0" uspid="252" ordinal="24" sl="252" sc="1" el="252" ec="2" bec="0" bev="0" fileid="2" />
                <SequencePoint vc="0" uspid="254" ordinal="25" sl="254" sc="1" el="254" ec="2" bec="0" bev="0" fileid="2" />
                <SequencePoint vc="0" uspid="255" ordinal="26" sl="255" sc="1" el="255" ec="2" bec="0" bev="0" fileid="2" />
                <SequencePoint vc="0" uspid="256" ordinal="27" sl="256" sc="1" el="256" ec="2" bec="0" bev="0" fileid="2" />
                <SequencePoint vc="0" uspid="258" ordinal="28" sl="258" sc="1" el="258" ec="2" bec="2" bev="0" fileid="2" />
                <SequencePoint vc="0" uspid="259" ordinal="29" sl="259" sc="1" el="259" ec="2" bec="0" bev="0" fileid="2" />
                <SequencePoint vc="0" uspid="260" ordinal="30" sl="260" sc="1" el="260" ec="2" bec="0" bev="0" fileid="2" />
                <SequencePoint vc="0" uspid="261" ordinal="31" sl="261" sc="1" el="261" ec="2" bec="0" bev="0" fileid="2" />
                <SequencePoint vc="0" uspid="262" ordinal="32" sl="262" sc="1" el="262" ec="2" bec="0" bev="0" fileid="2" />
                <SequencePoint vc="0" uspid="264" ordinal="33" sl="264" sc="1" el="264" ec="2" bec="0" bev="0" fileid="2" />
                <SequencePoint vc="0" uspid="265" ordinal="34" sl="265" sc="1" el="265" ec="2" bec="0" bev="0" fileid="2" />
                <SequencePoint vc="0" uspid="266" ordinal="35" sl="266" sc="1" el="266" ec="2" bec="0" bev="0" fileid="2" />
                <SequencePoint vc="0" uspid="267" ordinal="36" sl="267" sc="1" el="267" ec="2" bec="0" bev="0" fileid="2" />
                <SequencePoint vc="0" uspid="268" ordinal="37" sl="268" sc="1" el="268" ec="2" bec="0" bev="0" fileid="2" />
                <SequencePoint vc="0" uspid="269" ordinal="38" sl="269" sc="1" el="269" ec="2" bec="0" bev="0" fileid="2" />
                <SequencePoint vc="0" uspid="270" ordinal="39" sl="270" sc="1" el="270" ec="2" bec="0" bev="0" fileid="2" />
                <SequencePoint vc="0" uspid="271" ordinal="40" sl="271" sc="1" el="271" ec="2" bec="0" bev="0" fileid="2" />
                <SequencePoint vc="0" uspid="272" ordinal="41" sl="272" sc="1" el="272" ec="2" bec="0" bev="0" fileid="2" />
                <SequencePoint vc="0" uspid="273" ordinal="42" sl="273" sc="1" el="273" ec="2" bec="0" bev="0" fileid="2" />
                <SequencePoint vc="0" uspid="274" ordinal="43" sl="274" sc="1" el="274" ec="2" bec="0" bev="0" fileid="2" />
                <SequencePoint vc="0" uspid="275" ordinal="44" sl="275" sc="1" el="275" ec="2" bec="0" bev="0" fileid="2" />
                <SequencePoint vc="0" uspid="276" ordinal="45" sl="276" sc="1" el="276" ec="2" bec="0" bev="0" fileid="2" />
                <SequencePoint vc="0" uspid="277" ordinal="46" sl="277" sc="1" el="277" ec="2" bec="0" bev="0" fileid="2" />
                <SequencePoint vc="0" uspid="278" ordinal="47" sl="278" sc="1" el="278" ec="2" bec="0" bev="0" fileid="2" />
                <SequencePoint vc="0" uspid="279" ordinal="48" sl="279" sc="1" el="279" ec="2" bec="0" bev="0" fileid="2" />
                <SequencePoint vc="0" uspid="280" ordinal="49" sl="280" sc="1" el="280" ec="2" bec="0" bev="0" fileid="2" />
                <SequencePoint vc="0" uspid="281" ordinal="50" sl="281" sc="1" el="281" ec="2" bec="0" bev="0" fileid="2" />
                <SequencePoint vc="0" uspid="282" ordinal="51" sl="282" sc="1" el="282" ec="2" bec="0" bev="0" fileid="2" />
              </SequencePoints>
              <BranchPoints>
                <BranchPoint vc="0" uspid="231" ordinal="0" path="0" offset="130" offsetend="132" sl="231" fileid="2" />
                <BranchPoint vc="0" uspid="231" ordinal="1" path="1" offset="130" offsetend="153" sl="231" fileid="2" />
                <BranchPoint vc="0" uspid="235" ordinal="2" path="0" offset="174" offsetend="176" sl="235" fileid="2" />
                <BranchPoint vc="0" uspid="235" ordinal="3" path="1" offset="174" offsetend="197" sl="235" fileid="2" />
                <BranchPoint vc="0" uspid="249" ordinal="4" path="0" offset="416" offsetend="421" sl="249" fileid="2" />
                <BranchPoint vc="0" uspid="258" ordinal="6" path="0" offset="535" offsetend="537" sl="258" fileid="2" />
                <BranchPoint vc="0" uspid="258" ordinal="7" path="1" offset="535" offsetend="566" sl="258" fileid="2" />
                <BranchPoint vc="0" uspid="249" ordinal="5" path="1" offset="416" offsetend="569" sl="249" fileid="2" />
              </BranchPoints>
              <MethodPoint vc="0" uspid="0" p8:type="SequencePoint" ordinal="0" offset="0" sc="0" sl="221" ec="1" el="282" bec="0" bev="0" fileid="2" xmlns:p8="xsi" />
            </Method>
          </Methods>
        </Class>
        <Class>
          <Summary numSequencePoints="135" visitedSequencePoints="0" numBranchPoints="60" visitedBranchPoints="0" sequenceCoverage="0" branchCoverage="0" maxCyclomaticComplexity="60" minCyclomaticComplexity="60" visitedClasses="0" numClasses="1" visitedMethods="0" numMethods="1" />
          <FullName>CoolCurl.Services.ApplicationOrchestrator/&lt;RunAsync&gt;d__2</FullName>
          <Methods>
            <Method cyclomaticComplexity="60" nPathComplexity="60" sequenceCoverage="0" branchCoverage="0" isConstructor="False" isGetter="False" isSetter="False" isStatic="True">
              <Summary numSequencePoints="135" visitedSequencePoints="0" numBranchPoints="60" visitedBranchPoints="0" sequenceCoverage="0" branchCoverage="0" maxCyclomaticComplexity="60" minCyclomaticComplexity="60" visitedClasses="0" numClasses="0" visitedMethods="0" numMethods="1" />
              <MetadataToken />
              <Name>System.Void CoolCurl.Services.ApplicationOrchestrator/&lt;RunAsync&gt;d__2::MoveNext()</Name>
              <FileRef uid="2" />
              <SequencePoints>
                <SequencePoint vc="0" uspid="16" ordinal="0" sl="16" sc="1" el="16" ec="2" bec="0" bev="0" fileid="2" />
                <SequencePoint vc="0" uspid="17" ordinal="1" sl="17" sc="1" el="17" ec="2" bec="2" bev="0" fileid="2" />
                <SequencePoint vc="0" uspid="19" ordinal="2" sl="19" sc="1" el="19" ec="2" bec="0" bev="0" fileid="2" />
                <SequencePoint vc="0" uspid="21" ordinal="3" sl="21" sc="1" el="21" ec="2" bec="4" bev="0" fileid="2" />
                <SequencePoint vc="0" uspid="22" ordinal="4" sl="22" sc="1" el="22" ec="2" bec="0" bev="0" fileid="2" />
                <SequencePoint vc="0" uspid="23" ordinal="5" sl="23" sc="1" el="23" ec="2" bec="0" bev="0" fileid="2" />
                <SequencePoint vc="0" uspid="24" ordinal="6" sl="24" sc="1" el="24" ec="2" bec="0" bev="0" fileid="2" />
                <SequencePoint vc="0" uspid="25" ordinal="7" sl="25" sc="1" el="25" ec="2" bec="0" bev="0" fileid="2" />
                <SequencePoint vc="0" uspid="26" ordinal="8" sl="26" sc="1" el="26" ec="2" bec="0" bev="0" fileid="2" />
                <SequencePoint vc="0" uspid="29" ordinal="9" sl="29" sc="1" el="29" ec="2" bec="2" bev="0" fileid="2" />
                <SequencePoint vc="0" uspid="30" ordinal="10" sl="30" sc="1" el="30" ec="2" bec="0" bev="0" fileid="2" />
                <SequencePoint vc="0" uspid="31" ordinal="11" sl="31" sc="1" el="31" ec="2" bec="0" bev="0" fileid="2" />
                <SequencePoint vc="0" uspid="32" ordinal="12" sl="32" sc="1" el="32" ec="2" bec="0" bev="0" fileid="2" />
                <SequencePoint vc="0" uspid="35" ordinal="13" sl="35" sc="1" el="35" ec="2" bec="2" bev="0" fileid="2" />
                <SequencePoint vc="0" uspid="36" ordinal="14" sl="36" sc="1" el="36" ec="2" bec="0" bev="0" fileid="2" />
                <SequencePoint vc="0" uspid="37" ordinal="15" sl="37" sc="1" el="37" ec="2" bec="0" bev="0" fileid="2" />
                <SequencePoint vc="0" uspid="38" ordinal="16" sl="38" sc="1" el="38" ec="2" bec="0" bev="0" fileid="2" />
                <SequencePoint vc="0" uspid="41" ordinal="17" sl="41" sc="1" el="41" ec="2" bec="2" bev="0" fileid="2" />
                <SequencePoint vc="0" uspid="42" ordinal="18" sl="42" sc="1" el="42" ec="2" bec="0" bev="0" fileid="2" />
                <SequencePoint vc="0" uspid="43" ordinal="19" sl="43" sc="1" el="43" ec="2" bec="0" bev="0" fileid="2" />
                <SequencePoint vc="0" uspid="44" ordinal="20" sl="44" sc="1" el="44" ec="2" bec="0" bev="0" fileid="2" />
                <SequencePoint vc="0" uspid="46" ordinal="21" sl="46" sc="1" el="46" ec="2" bec="0" bev="0" fileid="2" />
                <SequencePoint vc="0" uspid="48" ordinal="22" sl="48" sc="1" el="48" ec="2" bec="2" bev="0" fileid="2" />
                <SequencePoint vc="0" uspid="49" ordinal="23" sl="49" sc="1" el="49" ec="2" bec="0" bev="0" fileid="2" />
                <SequencePoint vc="0" uspid="50" ordinal="24" sl="50" sc="1" el="50" ec="2" bec="0" bev="0" fileid="2" />
                <SequencePoint vc="0" uspid="51" ordinal="25" sl="51" sc="1" el="51" ec="2" bec="0" bev="0" fileid="2" />
                <SequencePoint vc="0" uspid="54" ordinal="26" sl="54" sc="1" el="54" ec="2" bec="2" bev="0" fileid="2" />
                <SequencePoint vc="0" uspid="55" ordinal="27" sl="55" sc="1" el="55" ec="2" bec="0" bev="0" fileid="2" />
                <SequencePoint vc="0" uspid="56" ordinal="28" sl="56" sc="1" el="56" ec="2" bec="0" bev="0" fileid="2" />
                <SequencePoint vc="0" uspid="57" ordinal="29" sl="57" sc="1" el="57" ec="2" bec="0" bev="0" fileid="2" />
                <SequencePoint vc="0" uspid="60" ordinal="30" sl="60" sc="1" el="60" ec="2" bec="2" bev="0" fileid="2" />
                <SequencePoint vc="0" uspid="61" ordinal="31" sl="61" sc="1" el="61" ec="2" bec="0" bev="0" fileid="2" />
                <SequencePoint vc="0" uspid="62" ordinal="32" sl="62" sc="1" el="62" ec="2" bec="0" bev="0" fileid="2" />
                <SequencePoint vc="0" uspid="63" ordinal="33" sl="63" sc="1" el="63" ec="2" bec="0" bev="0" fileid="2" />
                <SequencePoint vc="0" uspid="66" ordinal="34" sl="66" sc="1" el="66" ec="2" bec="2" bev="0" fileid="2" />
                <SequencePoint vc="0" uspid="67" ordinal="35" sl="67" sc="1" el="67" ec="2" bec="0" bev="0" fileid="2" />
                <SequencePoint vc="0" uspid="68" ordinal="36" sl="68" sc="1" el="68" ec="2" bec="0" bev="0" fileid="2" />
                <SequencePoint vc="0" uspid="69" ordinal="37" sl="69" sc="1" el="69" ec="2" bec="0" bev="0" fileid="2" />
                <SequencePoint vc="0" uspid="72" ordinal="38" sl="72" sc="1" el="72" ec="2" bec="2" bev="0" fileid="2" />
                <SequencePoint vc="0" uspid="73" ordinal="39" sl="73" sc="1" el="73" ec="2" bec="0" bev="0" fileid="2" />
                <SequencePoint vc="0" uspid="74" ordinal="40" sl="74" sc="1" el="74" ec="2" bec="0" bev="0" fileid="2" />
                <SequencePoint vc="0" uspid="75" ordinal="41" sl="75" sc="1" el="75" ec="2" bec="0" bev="0" fileid="2" />
                <SequencePoint vc="0" uspid="78" ordinal="42" sl="78" sc="1" el="78" ec="2" bec="2" bev="0" fileid="2" />
                <SequencePoint vc="0" uspid="79" ordinal="43" sl="79" sc="1" el="79" ec="2" bec="0" bev="0" fileid="2" />
                <SequencePoint vc="0" uspid="80" ordinal="44" sl="80" sc="1" el="80" ec="2" bec="0" bev="0" fileid="2" />
                <SequencePoint vc="0" uspid="81" ordinal="45" sl="81" sc="1" el="81" ec="2" bec="0" bev="0" fileid="2" />
                <SequencePoint vc="0" uspid="84" ordinal="46" sl="84" sc="1" el="84" ec="2" bec="2" bev="0" fileid="2" />
                <SequencePoint vc="0" uspid="85" ordinal="47" sl="85" sc="1" el="85" ec="2" bec="0" bev="0" fileid="2" />
                <SequencePoint vc="0" uspid="86" ordinal="48" sl="86" sc="1" el="86" ec="2" bec="0" bev="0" fileid="2" />
                <SequencePoint vc="0" uspid="87" ordinal="49" sl="87" sc="1" el="87" ec="2" bec="0" bev="0" fileid="2" />
                <SequencePoint vc="0" uspid="90" ordinal="50" sl="90" sc="1" el="90" ec="2" bec="2" bev="0" fileid="2" />
                <SequencePoint vc="0" uspid="91" ordinal="51" sl="91" sc="1" el="91" ec="2" bec="0" bev="0" fileid="2" />
                <SequencePoint vc="0" uspid="92" ordinal="52" sl="92" sc="1" el="92" ec="2" bec="0" bev="0" fileid="2" />
                <SequencePoint vc="0" uspid="93" ordinal="53" sl="93" sc="1" el="93" ec="2" bec="0" bev="0" fileid="2" />
                <SequencePoint vc="0" uspid="96" ordinal="54" sl="96" sc="1" el="96" ec="2" bec="2" bev="0" fileid="2" />
                <SequencePoint vc="0" uspid="97" ordinal="55" sl="97" sc="1" el="97" ec="2" bec="0" bev="0" fileid="2" />
                <SequencePoint vc="0" uspid="98" ordinal="56" sl="98" sc="1" el="98" ec="2" bec="0" bev="0" fileid="2" />
                <SequencePoint vc="0" uspid="99" ordinal="57" sl="99" sc="1" el="99" ec="2" bec="0" bev="0" fileid="2" />
                <SequencePoint vc="0" uspid="102" ordinal="58" sl="102" sc="1" el="102" ec="2" bec="2" bev="0" fileid="2" />
                <SequencePoint vc="0" uspid="103" ordinal="59" sl="103" sc="1" el="103" ec="2" bec="0" bev="0" fileid="2" />
                <SequencePoint vc="0" uspid="104" ordinal="60" sl="104" sc="1" el="104" ec="2" bec="0" bev="0" fileid="2" />
                <SequencePoint vc="0" uspid="105" ordinal="61" sl="105" sc="1" el="105" ec="2" bec="0" bev="0" fileid="2" />
                <SequencePoint vc="0" uspid="108" ordinal="62" sl="108" sc="1" el="108" ec="2" bec="2" bev="0" fileid="2" />
                <SequencePoint vc="0" uspid="109" ordinal="63" sl="109" sc="1" el="109" ec="2" bec="0" bev="0" fileid="2" />
                <SequencePoint vc="0" uspid="110" ordinal="64" sl="110" sc="1" el="110" ec="2" bec="0" bev="0" fileid="2" />
                <SequencePoint vc="0" uspid="111" ordinal="65" sl="111" sc="1" el="111" ec="2" bec="0" bev="0" fileid="2" />
                <SequencePoint vc="0" uspid="114" ordinal="66" sl="114" sc="1" el="114" ec="2" bec="2" bev="0" fileid="2" />
                <SequencePoint vc="0" uspid="115" ordinal="67" sl="115" sc="1" el="115" ec="2" bec="0" bev="0" fileid="2" />
                <SequencePoint vc="0" uspid="116" ordinal="68" sl="116" sc="1" el="116" ec="2" bec="0" bev="0" fileid="2" />
                <SequencePoint vc="0" uspid="117" ordinal="69" sl="117" sc="1" el="117" ec="2" bec="0" bev="0" fileid="2" />
                <SequencePoint vc="0" uspid="120" ordinal="70" sl="120" sc="1" el="120" ec="2" bec="2" bev="0" fileid="2" />
                <SequencePoint vc="0" uspid="121" ordinal="71" sl="121" sc="1" el="121" ec="2" bec="0" bev="0" fileid="2" />
                <SequencePoint vc="0" uspid="122" ordinal="72" sl="122" sc="1" el="122" ec="2" bec="0" bev="0" fileid="2" />
                <SequencePoint vc="0" uspid="123" ordinal="73" sl="123" sc="1" el="123" ec="2" bec="0" bev="0" fileid="2" />
                <SequencePoint vc="0" uspid="126" ordinal="74" sl="126" sc="1" el="126" ec="2" bec="2" bev="0" fileid="2" />
                <SequencePoint vc="0" uspid="127" ordinal="75" sl="127" sc="1" el="127" ec="2" bec="0" bev="0" fileid="2" />
                <SequencePoint vc="0" uspid="128" ordinal="76" sl="128" sc="1" el="128" ec="2" bec="0" bev="0" fileid="2" />
                <SequencePoint vc="0" uspid="129" ordinal="77" sl="129" sc="1" el="129" ec="2" bec="0" bev="0" fileid="2" />
                <SequencePoint vc="0" uspid="132" ordinal="78" sl="132" sc="1" el="132" ec="2" bec="2" bev="0" fileid="2" />
                <SequencePoint vc="0" uspid="133" ordinal="79" sl="133" sc="1" el="133" ec="2" bec="0" bev="0" fileid="2" />
                <SequencePoint vc="0" uspid="134" ordinal="80" sl="134" sc="1" el="134" ec="2" bec="0" bev="0" fileid="2" />
                <SequencePoint vc="0" uspid="135" ordinal="81" sl="135" sc="1" el="135" ec="2" bec="0" bev="0" fileid="2" />
                <SequencePoint vc="0" uspid="138" ordinal="82" sl="138" sc="1" el="138" ec="2" bec="2" bev="0" fileid="2" />
                <SequencePoint vc="0" uspid="139" ordinal="83" sl="139" sc="1" el="139" ec="2" bec="0" bev="0" fileid="2" />
                <SequencePoint vc="0" uspid="140" ordinal="84" sl="140" sc="1" el="140" ec="2" bec="0" bev="0" fileid="2" />
                <SequencePoint vc="0" uspid="141" ordinal="85" sl="141" sc="1" el="141" ec="2" bec="0" bev="0" fileid="2" />
                <SequencePoint vc="0" uspid="144" ordinal="86" sl="144" sc="1" el="144" ec="2" bec="2" bev="0" fileid="2" />
                <SequencePoint vc="0" uspid="145" ordinal="87" sl="145" sc="1" el="145" ec="2" bec="0" bev="0" fileid="2" />
                <SequencePoint vc="0" uspid="146" ordinal="88" sl="146" sc="1" el="146" ec="2" bec="0" bev="0" fileid="2" />
                <SequencePoint vc="0" uspid="147" ordinal="89" sl="147" sc="1" el="147" ec="2" bec="0" bev="0" fileid="2" />
                <SequencePoint vc="0" uspid="150" ordinal="90" sl="150" sc="1" el="150" ec="2" bec="4" bev="0" fileid="2" />
                <SequencePoint vc="0" uspid="151" ordinal="91" sl="151" sc="1" el="151" ec="2" bec="0" bev="0" fileid="2" />
                <SequencePoint vc="0" uspid="152" ordinal="92" sl="152" sc="1" el="152" ec="2" bec="0" bev="0" fileid="2" />
                <SequencePoint vc="0" uspid="153" ordinal="93" sl="153" sc="1" el="153" ec="2" bec="0" bev="0" fileid="2" />
                <SequencePoint vc="0" uspid="156" ordinal="94" sl="156" sc="1" el="156" ec="2" bec="2" bev="0" fileid="2" />
                <SequencePoint vc="0" uspid="157" ordinal="95" sl="157" sc="1" el="157" ec="2" bec="0" bev="0" fileid="2" />
                <SequencePoint vc="0" uspid="158" ordinal="96" sl="158" sc="1" el="158" ec="2" bec="0" bev="0" fileid="2" />
                <SequencePoint vc="0" uspid="160" ordinal="97" sl="160" sc="1" el="160" ec="2" bec="2" bev="0" fileid="2" />
                <SequencePoint vc="0" uspid="161" ordinal="98" sl="161" sc="1" el="161" ec="2" bec="0" bev="0" fileid="2" />
                <SequencePoint vc="0" uspid="162" ordinal="99" sl="162" sc="1" el="162" ec="2" bec="0" bev="0" fileid="2" />
                <SequencePoint vc="0" uspid="163" ordinal="100" sl="163" sc="1" el="163" ec="2" bec="0" bev="0" fileid="2" />
                <SequencePoint vc="0" uspid="164" ordinal="101" sl="164" sc="1" el="164" ec="2" bec="0" bev="0" fileid="2" />
                <SequencePoint vc="0" uspid="165" ordinal="102" sl="165" sc="1" el="165" ec="2" bec="0" bev="0" fileid="2" />
                <SequencePoint vc="0" uspid="166" ordinal="103" sl="166" sc="1" el="166" ec="2" bec="0" bev="0" fileid="2" />
                <SequencePoint vc="0" uspid="167" ordinal="104" sl="167" sc="1" el="167" ec="2" bec="0" bev="0" fileid="2" />
                <SequencePoint vc="0" uspid="169" ordinal="105" sl="169" sc="1" el="169" ec="2" bec="0" bev="0" fileid="2" />
                <SequencePoint vc="0" uspid="171" ordinal="106" sl="171" sc="1" el="171" ec="2" bec="0" bev="0" fileid="2" />
                <SequencePoint vc="0" uspid="172" ordinal="107" sl="172" sc="1" el="172" ec="2" bec="0" bev="0" fileid="2" />
                <SequencePoint vc="0" uspid="173" ordinal="108" sl="173" sc="1" el="173" ec="2" bec="0" bev="0" fileid="2" />
                <SequencePoint vc="0" uspid="175" ordinal="109" sl="175" sc="1" el="175" ec="2" bec="2" bev="0" fileid="2" />
                <SequencePoint vc="0" uspid="176" ordinal="110" sl="176" sc="1" el="176" ec="2" bec="0" bev="0" fileid="2" />
                <SequencePoint vc="0" uspid="177" ordinal="111" sl="177" sc="1" el="177" ec="2" bec="0" bev="0" fileid="2" />
                <SequencePoint vc="0" uspid="178" ordinal="112" sl="178" sc="1" el="178" ec="2" bec="0" bev="0" fileid="2" />
                <SequencePoint vc="0" uspid="180" ordinal="113" sl="180" sc="1" el="180" ec="2" bec="0" bev="0" fileid="2" />
                <SequencePoint vc="0" uspid="181" ordinal="114" sl="181" sc="1" el="181" ec="2" bec="0" bev="0" fileid="2" />
                <SequencePoint vc="0" uspid="182" ordinal="115" sl="182" sc="1" el="182" ec="2" bec="0" bev="0" fileid="2" />
                <SequencePoint vc="0" uspid="183" ordinal="116" sl="183" sc="1" el="183" ec="2" bec="0" bev="0" fileid="2" />
                <SequencePoint vc="0" uspid="186" ordinal="117" sl="186" sc="1" el="186" ec="2" bec="0" bev="0" fileid="2" />
                <SequencePoint vc="0" uspid="187" ordinal="118" sl="187" sc="1" el="187" ec="2" bec="2" bev="0" fileid="2" />
                <SequencePoint vc="0" uspid="188" ordinal="119" sl="188" sc="1" el="188" ec="2" bec="0" bev="0" fileid="2" />
                <SequencePoint vc="0" uspid="189" ordinal="120" sl="189" sc="1" el="189" ec="2" bec="2" bev="0" fileid="2" />
                <SequencePoint vc="0" uspid="190" ordinal="121" sl="190" sc="1" el="190" ec="2" bec="0" bev="0" fileid="2" />
                <SequencePoint vc="0" uspid="191" ordinal="122" sl="191" sc="1" el="191" ec="2" bec="0" bev="0" fileid="2" />
                <SequencePoint vc="0" uspid="192" ordinal="123" sl="192" sc="1" el="192" ec="2" bec="0" bev="0" fileid="2" />
                <SequencePoint vc="0" uspid="194" ordinal="124" sl="194" sc="1" el="194" ec="2" bec="0" bev="0" fileid="2" />
                <SequencePoint vc="0" uspid="195" ordinal="125" sl="195" sc="1" el="195" ec="2" bec="0" bev="0" fileid="2" />
                <SequencePoint vc="0" uspid="196" ordinal="126" sl="196" sc="1" el="196" ec="2" bec="0" bev="0" fileid="2" />
                <SequencePoint vc="0" uspid="197" ordinal="127" sl="197" sc="1" el="197" ec="2" bec="0" bev="0" fileid="2" />
                <SequencePoint vc="0" uspid="199" ordinal="128" sl="199" sc="1" el="199" ec="2" bec="0" bev="0" fileid="2" />
                <SequencePoint vc="0" uspid="200" ordinal="129" sl="200" sc="1" el="200" ec="2" bec="0" bev="0" fileid="2" />
                <SequencePoint vc="0" uspid="201" ordinal="130" sl="201" sc="1" el="201" ec="2" bec="0" bev="0" fileid="2" />
                <SequencePoint vc="0" uspid="202" ordinal="131" sl="202" sc="1" el="202" ec="2" bec="0" bev="0" fileid="2" />
                <SequencePoint vc="0" uspid="203" ordinal="132" sl="203" sc="1" el="203" ec="2" bec="0" bev="0" fileid="2" />
                <SequencePoint vc="0" uspid="205" ordinal="133" sl="205" sc="1" el="205" ec="2" bec="0" bev="0" fileid="2" />
                <SequencePoint vc="0" uspid="206" ordinal="134" sl="206" sc="1" el="206" ec="2" bec="0" bev="0" fileid="2" />
              </SequencePoints>
              <BranchPoints>
                <BranchPoint vc="0" uspid="17" ordinal="0" path="0" offset="61" offsetend="63" sl="17" fileid="2" />
                <BranchPoint vc="0" uspid="17" ordinal="1" path="1" offset="61" offsetend="69" sl="17" fileid="2" />
                <BranchPoint vc="0" uspid="21" ordinal="2" path="0" offset="102" offsetend="104" sl="21" fileid="2" />
                <BranchPoint vc="0" uspid="21" ordinal="3" path="1" offset="102" offsetend="120" sl="21" fileid="2" />
                <BranchPoint vc="0" uspid="21" ordinal="4" path="0" offset="123" offsetend="125" sl="21" fileid="2" />
                <BranchPoint vc="0" uspid="21" ordinal="5" path="1" offset="123" offsetend="191" sl="21" fileid="2" />
                <BranchPoint vc="0" uspid="29" ordinal="6" path="0" offset="204" offsetend="206" sl="29" fileid="2" />
                <BranchPoint vc="0" uspid="29" ordinal="7" path="1" offset="204" offsetend="220" sl="29" fileid="2" />
                <BranchPoint vc="0" uspid="35" ordinal="8" path="0" offset="235" offsetend="237" sl="35" fileid="2" />
                <BranchPoint vc="0" uspid="35" ordinal="9" path="1" offset="235" offsetend="278" sl="35" fileid="2" />
                <BranchPoint vc="0" uspid="41" ordinal="10" path="0" offset="293" offsetend="295" sl="41" fileid="2" />
                <BranchPoint vc="0" uspid="41" ordinal="11" path="1" offset="293" offsetend="309" sl="41" fileid="2" />
                <BranchPoint vc="0" uspid="48" ordinal="12" path="0" offset="335" offsetend="337" sl="48" fileid="2" />
                <BranchPoint vc="0" uspid="48" ordinal="13" path="1" offset="335" offsetend="357" sl="48" fileid="2" />
                <BranchPoint vc="0" uspid="54" ordinal="14" path="0" offset="372" offsetend="374" sl="54" fileid="2" />
                <BranchPoint vc="0" uspid="54" ordinal="15" path="1" offset="372" offsetend="400" sl="54" fileid="2" />
                <BranchPoint vc="0" uspid="60" ordinal="16" path="0" offset="415" offsetend="417" sl="60" fileid="2" />
                <BranchPoint vc="0" uspid="60" ordinal="17" path="1" offset="415" offsetend="443" sl="60" fileid="2" />
                <BranchPoint vc="0" uspid="66" ordinal="18" path="0" offset="458" offsetend="460" sl="66" fileid="2" />
                <BranchPoint vc="0" uspid="66" ordinal="19" path="1" offset="458" offsetend="486" sl="66" fileid="2" />
                <BranchPoint vc="0" uspid="72" ordinal="20" path="0" offset="501" offsetend="503" sl="72" fileid="2" />
                <BranchPoint vc="0" uspid="72" ordinal="21" path="1" offset="501" offsetend="529" sl="72" fileid="2" />
                <BranchPoint vc="0" uspid="78" ordinal="22" path="0" offset="544" offsetend="546" sl="78" fileid="2" />
                <BranchPoint vc="0" uspid="78" ordinal="23" path="1" offset="544" offsetend="572" sl="78" fileid="2" />
                <BranchPoint vc="0" uspid="84" ordinal="24" path="0" offset="587" offsetend="589" sl="84" fileid="2" />
                <BranchPoint vc="0" uspid="84" ordinal="25" path="1" offset="587" offsetend="615" sl="84" fileid="2" />
                <BranchPoint vc="0" uspid="90" ordinal="26" path="0" offset="630" offsetend="632" sl="90" fileid="2" />
                <BranchPoint vc="0" uspid="90" ordinal="27" path="1" offset="630" offsetend="658" sl="90" fileid="2" />
                <BranchPoint vc="0" uspid="96" ordinal="28" path="0" offset="673" offsetend="675" sl="96" fileid="2" />
                <BranchPoint vc="0" uspid="96" ordinal="29" path="1" offset="673" offsetend="701" sl="96" fileid="2" />
                <BranchPoint vc="0" uspid="102" ordinal="30" path="0" offset="716" offsetend="718" sl="102" fileid="2" />
                <BranchPoint vc="0" uspid="102" ordinal="31" path="1" offset="716" offsetend="744" sl="102" fileid="2" />
                <BranchPoint vc="0" uspid="108" ordinal="32" path="0" offset="759" offsetend="761" sl="108" fileid="2" />
                <BranchPoint vc="0" uspid="108" ordinal="33" path="1" offset="759" offsetend="787" sl="108" fileid="2" />
                <BranchPoint vc="0" uspid="114" ordinal="34" path="0" offset="802" offsetend="804" sl="114" fileid="2" />
                <BranchPoint vc="0" uspid="114" ordinal="35" path="1" offset="802" offsetend="830" sl="114" fileid="2" />
                <BranchPoint vc="0" uspid="120" ordinal="36" path="0" offset="845" offsetend="847" sl="120" fileid="2" />
                <BranchPoint vc="0" uspid="120" ordinal="37" path="1" offset="845" offsetend="873" sl="120" fileid="2" />
                <BranchPoint vc="0" uspid="126" ordinal="38" path="0" offset="888" offsetend="890" sl="126" fileid="2" />
                <BranchPoint vc="0" uspid="126" ordinal="39" path="1" offset="888" offsetend="916" sl="126" fileid="2" />
                <BranchPoint vc="0" uspid="132" ordinal="40" path="0" offset="931" offsetend="933" sl="132" fileid="2" />
                <BranchPoint vc="0" uspid="132" ordinal="41" path="1" offset="931" offsetend="959" sl="132" fileid="2" />
                <BranchPoint vc="0" uspid="138" ordinal="42" path="0" offset="974" offsetend="976" sl="138" fileid="2" />
                <BranchPoint vc="0" uspid="138" ordinal="43" path="1" offset="974" offsetend="1002" sl="138" fileid="2" />
                <BranchPoint vc="0" uspid="144" ordinal="44" path="0" offset="1017" offsetend="1019" sl="144" fileid="2" />
                <BranchPoint vc="0" uspid="144" ordinal="45" path="1" offset="1017" offsetend="1045" sl="144" fileid="2" />
                <BranchPoint vc="0" uspid="150" ordinal="46" path="0" offset="1056" offsetend="1058" sl="150" fileid="2" />
                <BranchPoint vc="0" uspid="150" ordinal="47" path="1" offset="1056" offsetend="1079" sl="150" fileid="2" />
                <BranchPoint vc="0" uspid="150" ordinal="48" path="0" offset="1084" offsetend="1086" sl="150" fileid="2" />
                <BranchPoint vc="0" uspid="150" ordinal="49" path="1" offset="1084" offsetend="1211" sl="150" fileid="2" />
                <BranchPoint vc="0" uspid="156" ordinal="50" path="0" offset="1234" offsetend="1239" sl="156" fileid="2" />
                <BranchPoint vc="0" uspid="160" ordinal="53" path="1" offset="1378" offsetend="1259" sl="160" fileid="2" />
                <BranchPoint vc="0" uspid="160" ordinal="52" path="0" offset="1378" offsetend="1380" sl="160" fileid="2" />
                <BranchPoint vc="0" uspid="175" ordinal="54" path="0" offset="1487" offsetend="1489" sl="175" fileid="2" />
                <BranchPoint vc="0" uspid="175" ordinal="55" path="1" offset="1487" offsetend="1616" sl="175" fileid="2" />
                <BranchPoint vc="0" uspid="156" ordinal="51" path="1" offset="1234" offsetend="1655" sl="156" fileid="2" />
                <BranchPoint vc="0" uspid="187" ordinal="56" path="0" offset="1695" offsetend="1700" sl="187" fileid="2" />
                <BranchPoint vc="0" uspid="189" ordinal="58" path="0" offset="1716" offsetend="1718" sl="189" fileid="2" />
                <BranchPoint vc="0" uspid="189" ordinal="59" path="1" offset="1716" offsetend="1839" sl="189" fileid="2" />
                <BranchPoint vc="0" uspid="187" ordinal="57" path="1" offset="1695" offsetend="1868" sl="187" fileid="2" />
              </BranchPoints>
              <MethodPoint vc="0" uspid="0" p8:type="SequencePoint" ordinal="0" offset="0" sc="0" sl="16" ec="1" el="206" bec="0" bev="0" fileid="2" xmlns:p8="xsi" />
            </Method>
          </Methods>
        </Class>
        <Class>
          <Summary numSequencePoints="531" visitedSequencePoints="0" numBranchPoints="358" visitedBranchPoints="0" sequenceCoverage="0" branchCoverage="0" maxCyclomaticComplexity="240" minCyclomaticComplexity="1" visitedClasses="0" numClasses="1" visitedMethods="0" numMethods="45" />
          <FullName>CoolCurl.Services.ArgumentService</FullName>
          <Methods>
            <Method cyclomaticComplexity="1" nPathComplexity="1" sequenceCoverage="0" branchCoverage="100" isConstructor="False" isGetter="True" isSetter="False" isStatic="True">
              <Summary numSequencePoints="1" visitedSequencePoints="0" numBranchPoints="0" visitedBranchPoints="0" sequenceCoverage="0" branchCoverage="100" maxCyclomaticComplexity="1" minCyclomaticComplexity="1" visitedClasses="0" numClasses="0" visitedMethods="0" numMethods="1" />
              <MetadataToken />
              <Name>System.Boolean CoolCurl.Services.ArgumentService::get_ShowHelp()</Name>
              <FileRef uid="3" />
              <SequencePoints>
                <SequencePoint vc="0" uspid="7" ordinal="0" sl="7" sc="1" el="7" ec="2" bec="0" bev="0" fileid="3" />
              </SequencePoints>
              <BranchPoints />
              <MethodPoint vc="0" uspid="0" p8:type="SequencePoint" ordinal="0" offset="0" sc="0" sl="7" ec="1" el="7" bec="0" bev="0" fileid="3" xmlns:p8="xsi" />
            </Method>
            <Method cyclomaticComplexity="1" nPathComplexity="1" sequenceCoverage="0" branchCoverage="100" isConstructor="False" isGetter="True" isSetter="False" isStatic="True">
              <Summary numSequencePoints="1" visitedSequencePoints="0" numBranchPoints="0" visitedBranchPoints="0" sequenceCoverage="0" branchCoverage="100" maxCyclomaticComplexity="1" minCyclomaticComplexity="1" visitedClasses="0" numClasses="0" visitedMethods="0" numMethods="1" />
              <MetadataToken />
              <Name>System.Boolean CoolCurl.Services.ArgumentService::get_ShowVersion()</Name>
              <FileRef uid="3" />
              <SequencePoints>
                <SequencePoint vc="0" uspid="8" ordinal="0" sl="8" sc="1" el="8" ec="2" bec="0" bev="0" fileid="3" />
              </SequencePoints>
              <BranchPoints />
              <MethodPoint vc="0" uspid="0" p8:type="SequencePoint" ordinal="1" offset="1" sc="0" sl="8" ec="1" el="8" bec="0" bev="0" fileid="3" xmlns:p8="xsi" />
            </Method>
            <Method cyclomaticComplexity="1" nPathComplexity="1" sequenceCoverage="0" branchCoverage="100" isConstructor="False" isGetter="True" isSetter="False" isStatic="True">
              <Summary numSequencePoints="1" visitedSequencePoints="0" numBranchPoints="0" visitedBranchPoints="0" sequenceCoverage="0" branchCoverage="100" maxCyclomaticComplexity="1" minCyclomaticComplexity="1" visitedClasses="0" numClasses="0" visitedMethods="0" numMethods="1" />
              <MetadataToken />
              <Name>System.Boolean CoolCurl.Services.ArgumentService::get_ResetConfig()</Name>
              <FileRef uid="3" />
              <SequencePoints>
                <SequencePoint vc="0" uspid="9" ordinal="0" sl="9" sc="1" el="9" ec="2" bec="0" bev="0" fileid="3" />
              </SequencePoints>
              <BranchPoints />
              <MethodPoint vc="0" uspid="0" p8:type="SequencePoint" ordinal="2" offset="2" sc="0" sl="9" ec="1" el="9" bec="0" bev="0" fileid="3" xmlns:p8="xsi" />
            </Method>
            <Method cyclomaticComplexity="1" nPathComplexity="1" sequenceCoverage="0" branchCoverage="100" isConstructor="False" isGetter="True" isSetter="False" isStatic="True">
              <Summary numSequencePoints="1" visitedSequencePoints="0" numBranchPoints="0" visitedBranchPoints="0" sequenceCoverage="0" branchCoverage="100" maxCyclomaticComplexity="1" minCyclomaticComplexity="1" visitedClasses="0" numClasses="0" visitedMethods="0" numMethods="1" />
              <MetadataToken />
              <Name>System.Boolean CoolCurl.Services.ArgumentService::get_ShowSettings()</Name>
              <FileRef uid="3" />
              <SequencePoints>
                <SequencePoint vc="0" uspid="10" ordinal="0" sl="10" sc="1" el="10" ec="2" bec="0" bev="0" fileid="3" />
              </SequencePoints>
              <BranchPoints />
              <MethodPoint vc="0" uspid="0" p8:type="SequencePoint" ordinal="3" offset="3" sc="0" sl="10" ec="1" el="10" bec="0" bev="0" fileid="3" xmlns:p8="xsi" />
            </Method>
            <Method cyclomaticComplexity="1" nPathComplexity="1" sequenceCoverage="0" branchCoverage="100" isConstructor="False" isGetter="True" isSetter="False" isStatic="True">
              <Summary numSequencePoints="1" visitedSequencePoints="0" numBranchPoints="0" visitedBranchPoints="0" sequenceCoverage="0" branchCoverage="100" maxCyclomaticComplexity="1" minCyclomaticComplexity="1" visitedClasses="0" numClasses="0" visitedMethods="0" numMethods="1" />
              <MetadataToken />
              <Name>System.Boolean CoolCurl.Services.ArgumentService::get_ExecuteRequest()</Name>
              <FileRef uid="3" />
              <SequencePoints>
                <SequencePoint vc="0" uspid="11" ordinal="0" sl="11" sc="1" el="11" ec="2" bec="0" bev="0" fileid="3" />
              </SequencePoints>
              <BranchPoints />
              <MethodPoint vc="0" uspid="0" p8:type="SequencePoint" ordinal="4" offset="4" sc="0" sl="11" ec="1" el="11" bec="0" bev="0" fileid="3" xmlns:p8="xsi" />
            </Method>
            <Method cyclomaticComplexity="1" nPathComplexity="1" sequenceCoverage="0" branchCoverage="100" isConstructor="False" isGetter="True" isSetter="False" isStatic="True">
              <Summary numSequencePoints="1" visitedSequencePoints="0" numBranchPoints="0" visitedBranchPoints="0" sequenceCoverage="0" branchCoverage="100" maxCyclomaticComplexity="1" minCyclomaticComplexity="1" visitedClasses="0" numClasses="0" visitedMethods="0" numMethods="1" />
              <MetadataToken />
              <Name>System.Boolean CoolCurl.Services.ArgumentService::get_SaveCurl()</Name>
              <FileRef uid="3" />
              <SequencePoints>
                <SequencePoint vc="0" uspid="12" ordinal="0" sl="12" sc="1" el="12" ec="2" bec="0" bev="0" fileid="3" />
              </SequencePoints>
              <BranchPoints />
              <MethodPoint vc="0" uspid="0" p8:type="SequencePoint" ordinal="5" offset="5" sc="0" sl="12" ec="1" el="12" bec="0" bev="0" fileid="3" xmlns:p8="xsi" />
            </Method>
            <Method cyclomaticComplexity="1" nPathComplexity="1" sequenceCoverage="0" branchCoverage="100" isConstructor="False" isGetter="True" isSetter="False" isStatic="True">
              <Summary numSequencePoints="1" visitedSequencePoints="0" numBranchPoints="0" visitedBranchPoints="0" sequenceCoverage="0" branchCoverage="100" maxCyclomaticComplexity="1" minCyclomaticComplexity="1" visitedClasses="0" numClasses="0" visitedMethods="0" numMethods="1" />
              <MetadataToken />
              <Name>System.Boolean CoolCurl.Services.ArgumentService::get_SaveOutput()</Name>
              <FileRef uid="3" />
              <SequencePoints>
                <SequencePoint vc="0" uspid="13" ordinal="0" sl="13" sc="1" el="13" ec="2" bec="0" bev="0" fileid="3" />
              </SequencePoints>
              <BranchPoints />
              <MethodPoint vc="0" uspid="0" p8:type="SequencePoint" ordinal="6" offset="6" sc="0" sl="13" ec="1" el="13" bec="0" bev="0" fileid="3" xmlns:p8="xsi" />
            </Method>
            <Method cyclomaticComplexity="1" nPathComplexity="1" sequenceCoverage="0" branchCoverage="100" isConstructor="False" isGetter="True" isSetter="False" isStatic="True">
              <Summary numSequencePoints="1" visitedSequencePoints="0" numBranchPoints="0" visitedBranchPoints="0" sequenceCoverage="0" branchCoverage="100" maxCyclomaticComplexity="1" minCyclomaticComplexity="1" visitedClasses="0" numClasses="0" visitedMethods="0" numMethods="1" />
              <MetadataToken />
              <Name>System.Boolean CoolCurl.Services.ArgumentService::get_ChangeMethod()</Name>
              <FileRef uid="3" />
              <SequencePoints>
                <SequencePoint vc="0" uspid="14" ordinal="0" sl="14" sc="1" el="14" ec="2" bec="0" bev="0" fileid="3" />
              </SequencePoints>
              <BranchPoints />
              <MethodPoint vc="0" uspid="0" p8:type="SequencePoint" ordinal="7" offset="7" sc="0" sl="14" ec="1" el="14" bec="0" bev="0" fileid="3" xmlns:p8="xsi" />
            </Method>
            <Method cyclomaticComplexity="1" nPathComplexity="1" sequenceCoverage="0" branchCoverage="100" isConstructor="False" isGetter="True" isSetter="False" isStatic="True">
              <Summary numSequencePoints="1" visitedSequencePoints="0" numBranchPoints="0" visitedBranchPoints="0" sequenceCoverage="0" branchCoverage="100" maxCyclomaticComplexity="1" minCyclomaticComplexity="1" visitedClasses="0" numClasses="0" visitedMethods="0" numMethods="1" />
              <MetadataToken />
              <Name>System.Boolean CoolCurl.Services.ArgumentService::get_ChangeUrl()</Name>
              <FileRef uid="3" />
              <SequencePoints>
                <SequencePoint vc="0" uspid="15" ordinal="0" sl="15" sc="1" el="15" ec="2" bec="0" bev="0" fileid="3" />
              </SequencePoints>
              <BranchPoints />
              <MethodPoint vc="0" uspid="0" p8:type="SequencePoint" ordinal="8" offset="8" sc="0" sl="15" ec="1" el="15" bec="0" bev="0" fileid="3" xmlns:p8="xsi" />
            </Method>
            <Method cyclomaticComplexity="1" nPathComplexity="1" sequenceCoverage="0" branchCoverage="100" isConstructor="False" isGetter="True" isSetter="False" isStatic="True">
              <Summary numSequencePoints="1" visitedSequencePoints="0" numBranchPoints="0" visitedBranchPoints="0" sequenceCoverage="0" branchCoverage="100" maxCyclomaticComplexity="1" minCyclomaticComplexity="1" visitedClasses="0" numClasses="0" visitedMethods="0" numMethods="1" />
              <MetadataToken />
              <Name>System.Boolean CoolCurl.Services.ArgumentService::get_ChangeAuth()</Name>
              <FileRef uid="3" />
              <SequencePoints>
                <SequencePoint vc="0" uspid="16" ordinal="0" sl="16" sc="1" el="16" ec="2" bec="0" bev="0" fileid="3" />
              </SequencePoints>
              <BranchPoints />
              <MethodPoint vc="0" uspid="0" p8:type="SequencePoint" ordinal="9" offset="9" sc="0" sl="16" ec="1" el="16" bec="0" bev="0" fileid="3" xmlns:p8="xsi" />
            </Method>
            <Method cyclomaticComplexity="1" nPathComplexity="1" sequenceCoverage="0" branchCoverage="100" isConstructor="False" isGetter="True" isSetter="False" isStatic="True">
              <Summary numSequencePoints="1" visitedSequencePoints="0" numBranchPoints="0" visitedBranchPoints="0" sequenceCoverage="0" branchCoverage="100" maxCyclomaticComplexity="1" minCyclomaticComplexity="1" visitedClasses="0" numClasses="0" visitedMethods="0" numMethods="1" />
              <MetadataToken />
              <Name>System.Boolean CoolCurl.Services.ArgumentService::get_ChangeToken()</Name>
              <FileRef uid="3" />
              <SequencePoints>
                <SequencePoint vc="0" uspid="17" ordinal="0" sl="17" sc="1" el="17" ec="2" bec="0" bev="0" fileid="3" />
              </SequencePoints>
              <BranchPoints />
              <MethodPoint vc="0" uspid="0" p8:type="SequencePoint" ordinal="10" offset="10" sc="0" sl="17" ec="1" el="17" bec="0" bev="0" fileid="3" xmlns:p8="xsi" />
            </Method>
            <Method cyclomaticComplexity="1" nPathComplexity="1" sequenceCoverage="0" branchCoverage="100" isConstructor="False" isGetter="True" isSetter="False" isStatic="True">
              <Summary numSequencePoints="1" visitedSequencePoints="0" numBranchPoints="0" visitedBranchPoints="0" sequenceCoverage="0" branchCoverage="100" maxCyclomaticComplexity="1" minCyclomaticComplexity="1" visitedClasses="0" numClasses="0" visitedMethods="0" numMethods="1" />
              <MetadataToken />
              <Name>System.Boolean CoolCurl.Services.ArgumentService::get_ChangeUsername()</Name>
              <FileRef uid="3" />
              <SequencePoints>
                <SequencePoint vc="0" uspid="18" ordinal="0" sl="18" sc="1" el="18" ec="2" bec="0" bev="0" fileid="3" />
              </SequencePoints>
              <BranchPoints />
              <MethodPoint vc="0" uspid="0" p8:type="SequencePoint" ordinal="11" offset="11" sc="0" sl="18" ec="1" el="18" bec="0" bev="0" fileid="3" xmlns:p8="xsi" />
            </Method>
            <Method cyclomaticComplexity="1" nPathComplexity="1" sequenceCoverage="0" branchCoverage="100" isConstructor="False" isGetter="True" isSetter="False" isStatic="True">
              <Summary numSequencePoints="1" visitedSequencePoints="0" numBranchPoints="0" visitedBranchPoints="0" sequenceCoverage="0" branchCoverage="100" maxCyclomaticComplexity="1" minCyclomaticComplexity="1" visitedClasses="0" numClasses="0" visitedMethods="0" numMethods="1" />
              <MetadataToken />
              <Name>System.Boolean CoolCurl.Services.ArgumentService::get_ChangePassword()</Name>
              <FileRef uid="3" />
              <SequencePoints>
                <SequencePoint vc="0" uspid="19" ordinal="0" sl="19" sc="1" el="19" ec="2" bec="0" bev="0" fileid="3" />
              </SequencePoints>
              <BranchPoints />
              <MethodPoint vc="0" uspid="0" p8:type="SequencePoint" ordinal="12" offset="12" sc="0" sl="19" ec="1" el="19" bec="0" bev="0" fileid="3" xmlns:p8="xsi" />
            </Method>
            <Method cyclomaticComplexity="1" nPathComplexity="1" sequenceCoverage="0" branchCoverage="100" isConstructor="False" isGetter="True" isSetter="False" isStatic="True">
              <Summary numSequencePoints="1" visitedSequencePoints="0" numBranchPoints="0" visitedBranchPoints="0" sequenceCoverage="0" branchCoverage="100" maxCyclomaticComplexity="1" minCyclomaticComplexity="1" visitedClasses="0" numClasses="0" visitedMethods="0" numMethods="1" />
              <MetadataToken />
              <Name>System.Boolean CoolCurl.Services.ArgumentService::get_ChangeFollowRedirects()</Name>
              <FileRef uid="3" />
              <SequencePoints>
                <SequencePoint vc="0" uspid="20" ordinal="0" sl="20" sc="1" el="20" ec="2" bec="0" bev="0" fileid="3" />
              </SequencePoints>
              <BranchPoints />
              <MethodPoint vc="0" uspid="0" p8:type="SequencePoint" ordinal="13" offset="13" sc="0" sl="20" ec="1" el="20" bec="0" bev="0" fileid="3" xmlns:p8="xsi" />
            </Method>
            <Method cyclomaticComplexity="1" nPathComplexity="1" sequenceCoverage="0" branchCoverage="100" isConstructor="False" isGetter="True" isSetter="False" isStatic="True">
              <Summary numSequencePoints="1" visitedSequencePoints="0" numBranchPoints="0" visitedBranchPoints="0" sequenceCoverage="0" branchCoverage="100" maxCyclomaticComplexity="1" minCyclomaticComplexity="1" visitedClasses="0" numClasses="0" visitedMethods="0" numMethods="1" />
              <MetadataToken />
              <Name>System.Boolean CoolCurl.Services.ArgumentService::get_ChangeShowHeaders()</Name>
              <FileRef uid="3" />
              <SequencePoints>
                <SequencePoint vc="0" uspid="21" ordinal="0" sl="21" sc="1" el="21" ec="2" bec="0" bev="0" fileid="3" />
              </SequencePoints>
              <BranchPoints />
              <MethodPoint vc="0" uspid="0" p8:type="SequencePoint" ordinal="14" offset="14" sc="0" sl="21" ec="1" el="21" bec="0" bev="0" fileid="3" xmlns:p8="xsi" />
            </Method>
            <Method cyclomaticComplexity="1" nPathComplexity="1" sequenceCoverage="0" branchCoverage="100" isConstructor="False" isGetter="True" isSetter="False" isStatic="True">
              <Summary numSequencePoints="1" visitedSequencePoints="0" numBranchPoints="0" visitedBranchPoints="0" sequenceCoverage="0" branchCoverage="100" maxCyclomaticComplexity="1" minCyclomaticComplexity="1" visitedClasses="0" numClasses="0" visitedMethods="0" numMethods="1" />
              <MetadataToken />
              <Name>System.Boolean CoolCurl.Services.ArgumentService::get_ChangeShowError()</Name>
              <FileRef uid="3" />
              <SequencePoints>
                <SequencePoint vc="0" uspid="22" ordinal="0" sl="22" sc="1" el="22" ec="2" bec="0" bev="0" fileid="3" />
              </SequencePoints>
              <BranchPoints />
              <MethodPoint vc="0" uspid="0" p8:type="SequencePoint" ordinal="15" offset="15" sc="0" sl="22" ec="1" el="22" bec="0" bev="0" fileid="3" xmlns:p8="xsi" />
            </Method>
            <Method cyclomaticComplexity="1" nPathComplexity="1" sequenceCoverage="0" branchCoverage="100" isConstructor="False" isGetter="True" isSetter="False" isStatic="True">
              <Summary numSequencePoints="1" visitedSequencePoints="0" numBranchPoints="0" visitedBranchPoints="0" sequenceCoverage="0" branchCoverage="100" maxCyclomaticComplexity="1" minCyclomaticComplexity="1" visitedClasses="0" numClasses="0" visitedMethods="0" numMethods="1" />
              <MetadataToken />
              <Name>System.Boolean CoolCurl.Services.ArgumentService::get_ChangeShowProgress()</Name>
              <FileRef uid="3" />
              <SequencePoints>
                <SequencePoint vc="0" uspid="23" ordinal="0" sl="23" sc="1" el="23" ec="2" bec="0" bev="0" fileid="3" />
              </SequencePoints>
              <BranchPoints />
              <MethodPoint vc="0" uspid="0" p8:type="SequencePoint" ordinal="16" offset="16" sc="0" sl="23" ec="1" el="23" bec="0" bev="0" fileid="3" xmlns:p8="xsi" />
            </Method>
            <Method cyclomaticComplexity="1" nPathComplexity="1" sequenceCoverage="0" branchCoverage="100" isConstructor="False" isGetter="True" isSetter="False" isStatic="True">
              <Summary numSequencePoints="1" visitedSequencePoints="0" numBranchPoints="0" visitedBranchPoints="0" sequenceCoverage="0" branchCoverage="100" maxCyclomaticComplexity="1" minCyclomaticComplexity="1" visitedClasses="0" numClasses="0" visitedMethods="0" numMethods="1" />
              <MetadataToken />
              <Name>System.Boolean CoolCurl.Services.ArgumentService::get_ChangeMaxTimeout()</Name>
              <FileRef uid="3" />
              <SequencePoints>
                <SequencePoint vc="0" uspid="24" ordinal="0" sl="24" sc="1" el="24" ec="2" bec="0" bev="0" fileid="3" />
              </SequencePoints>
              <BranchPoints />
              <MethodPoint vc="0" uspid="0" p8:type="SequencePoint" ordinal="17" offset="17" sc="0" sl="24" ec="1" el="24" bec="0" bev="0" fileid="3" xmlns:p8="xsi" />
            </Method>
            <Method cyclomaticComplexity="1" nPathComplexity="1" sequenceCoverage="0" branchCoverage="100" isConstructor="False" isGetter="True" isSetter="False" isStatic="True">
              <Summary numSequencePoints="1" visitedSequencePoints="0" numBranchPoints="0" visitedBranchPoints="0" sequenceCoverage="0" branchCoverage="100" maxCyclomaticComplexity="1" minCyclomaticComplexity="1" visitedClasses="0" numClasses="0" visitedMethods="0" numMethods="1" />
              <MetadataToken />
              <Name>System.Boolean CoolCurl.Services.ArgumentService::get_ChangeDefaultHeaders()</Name>
              <FileRef uid="3" />
              <SequencePoints>
                <SequencePoint vc="0" uspid="25" ordinal="0" sl="25" sc="1" el="25" ec="2" bec="0" bev="0" fileid="3" />
              </SequencePoints>
              <BranchPoints />
              <MethodPoint vc="0" uspid="0" p8:type="SequencePoint" ordinal="18" offset="18" sc="0" sl="25" ec="1" el="25" bec="0" bev="0" fileid="3" xmlns:p8="xsi" />
            </Method>
            <Method cyclomaticComplexity="1" nPathComplexity="1" sequenceCoverage="0" branchCoverage="100" isConstructor="False" isGetter="True" isSetter="False" isStatic="True">
              <Summary numSequencePoints="1" visitedSequencePoints="0" numBranchPoints="0" visitedBranchPoints="0" sequenceCoverage="0" branchCoverage="100" maxCyclomaticComplexity="1" minCyclomaticComplexity="1" visitedClasses="0" numClasses="0" visitedMethods="0" numMethods="1" />
              <MetadataToken />
              <Name>System.Boolean CoolCurl.Services.ArgumentService::get_ChangeQueryParameters()</Name>
              <FileRef uid="3" />
              <SequencePoints>
                <SequencePoint vc="0" uspid="26" ordinal="0" sl="26" sc="1" el="26" ec="2" bec="0" bev="0" fileid="3" />
              </SequencePoints>
              <BranchPoints />
              <MethodPoint vc="0" uspid="0" p8:type="SequencePoint" ordinal="19" offset="19" sc="0" sl="26" ec="1" el="26" bec="0" bev="0" fileid="3" xmlns:p8="xsi" />
            </Method>
            <Method cyclomaticComplexity="1" nPathComplexity="1" sequenceCoverage="0" branchCoverage="100" isConstructor="False" isGetter="True" isSetter="False" isStatic="True">
              <Summary numSequencePoints="1" visitedSequencePoints="0" numBranchPoints="0" visitedBranchPoints="0" sequenceCoverage="0" branchCoverage="100" maxCyclomaticComplexity="1" minCyclomaticComplexity="1" visitedClasses="0" numClasses="0" visitedMethods="0" numMethods="1" />
              <MetadataToken />
              <Name>System.Boolean CoolCurl.Services.ArgumentService::get_ChangeGeminiApiKey()</Name>
              <FileRef uid="3" />
              <SequencePoints>
                <SequencePoint vc="0" uspid="27" ordinal="0" sl="27" sc="1" el="27" ec="2" bec="0" bev="0" fileid="3" />
              </SequencePoints>
              <BranchPoints />
              <MethodPoint vc="0" uspid="0" p8:type="SequencePoint" ordinal="20" offset="20" sc="0" sl="27" ec="1" el="27" bec="0" bev="0" fileid="3" xmlns:p8="xsi" />
            </Method>
            <Method cyclomaticComplexity="1" nPathComplexity="1" sequenceCoverage="0" branchCoverage="100" isConstructor="False" isGetter="True" isSetter="False" isStatic="True">
              <Summary numSequencePoints="1" visitedSequencePoints="0" numBranchPoints="0" visitedBranchPoints="0" sequenceCoverage="0" branchCoverage="100" maxCyclomaticComplexity="1" minCyclomaticComplexity="1" visitedClasses="0" numClasses="0" visitedMethods="0" numMethods="1" />
              <MetadataToken />
              <Name>System.Boolean CoolCurl.Services.ArgumentService::get_ChangeOpenAiApiKey()</Name>
              <FileRef uid="3" />
              <SequencePoints>
                <SequencePoint vc="0" uspid="28" ordinal="0" sl="28" sc="1" el="28" ec="2" bec="0" bev="0" fileid="3" />
              </SequencePoints>
              <BranchPoints />
              <MethodPoint vc="0" uspid="0" p8:type="SequencePoint" ordinal="21" offset="21" sc="0" sl="28" ec="1" el="28" bec="0" bev="0" fileid="3" xmlns:p8="xsi" />
            </Method>
            <Method cyclomaticComplexity="1" nPathComplexity="1" sequenceCoverage="0" branchCoverage="100" isConstructor="False" isGetter="True" isSetter="False" isStatic="True">
              <Summary numSequencePoints="1" visitedSequencePoints="0" numBranchPoints="0" visitedBranchPoints="0" sequenceCoverage="0" branchCoverage="100" maxCyclomaticComplexity="1" minCyclomaticComplexity="1" visitedClasses="0" numClasses="0" visitedMethods="0" numMethods="1" />
              <MetadataToken />
              <Name>System.Boolean CoolCurl.Services.ArgumentService::get_ChangeAiDebugging()</Name>
              <FileRef uid="3" />
              <SequencePoints>
                <SequencePoint vc="0" uspid="29" ordinal="0" sl="29" sc="1" el="29" ec="2" bec="0" bev="0" fileid="3" />
              </SequencePoints>
              <BranchPoints />
              <MethodPoint vc="0" uspid="0" p8:type="SequencePoint" ordinal="22" offset="22" sc="0" sl="29" ec="1" el="29" bec="0" bev="0" fileid="3" xmlns:p8="xsi" />
            </Method>
            <Method cyclomaticComplexity="1" nPathComplexity="1" sequenceCoverage="0" branchCoverage="100" isConstructor="False" isGetter="True" isSetter="False" isStatic="True">
              <Summary numSequencePoints="1" visitedSequencePoints="0" numBranchPoints="0" visitedBranchPoints="0" sequenceCoverage="0" branchCoverage="100" maxCyclomaticComplexity="1" minCyclomaticComplexity="1" visitedClasses="0" numClasses="0" visitedMethods="0" numMethods="1" />
              <MetadataToken />
              <Name>System.Boolean CoolCurl.Services.ArgumentService::get_UseAiPrompt()</Name>
              <FileRef uid="3" />
              <SequencePoints>
                <SequencePoint vc="0" uspid="30" ordinal="0" sl="30" sc="1" el="30" ec="2" bec="0" bev="0" fileid="3" />
              </SequencePoints>
              <BranchPoints />
              <MethodPoint vc="0" uspid="0" p8:type="SequencePoint" ordinal="23" offset="23" sc="0" sl="30" ec="1" el="30" bec="0" bev="0" fileid="3" xmlns:p8="xsi" />
            </Method>
            <Method cyclomaticComplexity="1" nPathComplexity="1" sequenceCoverage="0" branchCoverage="100" isConstructor="False" isGetter="True" isSetter="False" isStatic="True">
              <Summary numSequencePoints="1" visitedSequencePoints="0" numBranchPoints="0" visitedBranchPoints="0" sequenceCoverage="0" branchCoverage="100" maxCyclomaticComplexity="1" minCyclomaticComplexity="1" visitedClasses="0" numClasses="0" visitedMethods="0" numMethods="1" />
              <MetadataToken />
              <Name>System.String CoolCurl.Services.ArgumentService::get_AiPrompt()</Name>
              <FileRef uid="3" />
              <SequencePoints>
                <SequencePoint vc="0" uspid="31" ordinal="0" sl="31" sc="1" el="31" ec="2" bec="0" bev="0" fileid="3" />
              </SequencePoints>
              <BranchPoints />
[...]
                <SequencePoint vc="0" uspid="257" ordinal="60" sl="257" sc="1" el="257" ec="2" bec="0" bev="0" fileid="16" />
                <SequencePoint vc="0" uspid="258" ordinal="61" sl="258" sc="1" el="258" ec="2" bec="0" bev="0" fileid="16" />
                <SequencePoint vc="0" uspid="260" ordinal="62" sl="260" sc="1" el="260" ec="2" bec="0" bev="0" fileid="16" />
                <SequencePoint vc="0" uspid="262" ordinal="63" sl="262" sc="1" el="262" ec="2" bec="0" bev="0" fileid="16" />
                <SequencePoint vc="0" uspid="264" ordinal="64" sl="264" sc="1" el="264" ec="2" bec="0" bev="0" fileid="16" />
                <SequencePoint vc="0" uspid="265" ordinal="65" sl="265" sc="1" el="265" ec="2" bec="0" bev="0" fileid="16" />
                <SequencePoint vc="0" uspid="266" ordinal="66" sl="266" sc="1" el="266" ec="2" bec="0" bev="0" fileid="16" />
                <SequencePoint vc="0" uspid="268" ordinal="67" sl="268" sc="1" el="268" ec="2" bec="0" bev="0" fileid="16" />
                <SequencePoint vc="0" uspid="269" ordinal="68" sl="269" sc="1" el="269" ec="2" bec="0" bev="0" fileid="16" />
                <SequencePoint vc="0" uspid="270" ordinal="69" sl="270" sc="1" el="270" ec="2" bec="0" bev="0" fileid="16" />
                <SequencePoint vc="0" uspid="272" ordinal="70" sl="272" sc="1" el="272" ec="2" bec="0" bev="0" fileid="16" />
              </SequencePoints>
              <BranchPoints>
                <BranchPoint vc="0" uspid="186" ordinal="0" path="0" offset="59" offsetend="61" sl="186" fileid="16" />
                <BranchPoint vc="0" uspid="186" ordinal="1" path="1" offset="59" offsetend="73" sl="186" fileid="16" />
                <BranchPoint vc="0" uspid="191" ordinal="2" path="0" offset="139" offsetend="141" sl="191" fileid="16" />
                <BranchPoint vc="0" uspid="191" ordinal="3" path="1" offset="139" offsetend="164" sl="191" fileid="16" />
                <BranchPoint vc="0" uspid="228" ordinal="4" path="0" offset="582" offsetend="587" sl="228" fileid="16" />
                <BranchPoint vc="0" uspid="234" ordinal="6" path="0" offset="764" offsetend="766" sl="234" fileid="16" />
                <BranchPoint vc="0" uspid="234" ordinal="7" path="1" offset="764" offsetend="781" sl="234" fileid="16" />
                <BranchPoint vc="0" uspid="238" ordinal="8" path="0" offset="798" offsetend="800" sl="238" fileid="16" />
                <BranchPoint vc="0" uspid="238" ordinal="9" path="1" offset="798" offsetend="815" sl="238" fileid="16" />
                <BranchPoint vc="0" uspid="228" ordinal="5" path="1" offset="582" offsetend="906" sl="228" fileid="16" />
                <BranchPoint vc="0" uspid="253" ordinal="10" path="0" offset="1065" offsetend="1067" sl="253" fileid="16" />
                <BranchPoint vc="0" uspid="253" ordinal="11" path="1" offset="1065" offsetend="1071" sl="253" fileid="16" />
                <BranchPoint vc="0" uspid="253" ordinal="12" path="0" offset="1076" offsetend="1078" sl="253" fileid="16" />
                <BranchPoint vc="0" uspid="253" ordinal="13" path="1" offset="1076" offsetend="1095" sl="253" fileid="16" />
                <BranchPoint vc="0" uspid="253" ordinal="14" path="0" offset="1100" offsetend="1102" sl="253" fileid="16" />
                <BranchPoint vc="0" uspid="256" ordinal="16" path="0" offset="1129" offsetend="1131" sl="256" fileid="16" />
                <BranchPoint vc="0" uspid="256" ordinal="17" path="1" offset="1129" offsetend="1135" sl="256" fileid="16" />
                <BranchPoint vc="0" uspid="256" ordinal="18" path="0" offset="1141" offsetend="1143" sl="256" fileid="16" />
                <BranchPoint vc="0" uspid="256" ordinal="19" path="1" offset="1141" offsetend="1147" sl="256" fileid="16" />
                <BranchPoint vc="0" uspid="256" ordinal="20" path="0" offset="1159" offsetend="1161" sl="256" fileid="16" />
                <BranchPoint vc="0" uspid="256" ordinal="21" path="1" offset="1159" offsetend="1189" sl="256" fileid="16" />
                <BranchPoint vc="0" uspid="253" ordinal="15" path="1" offset="1100" offsetend="1197" sl="253" fileid="16" />
              </BranchPoints>
              <MethodPoint vc="0" uspid="0" p8:type="SequencePoint" ordinal="0" offset="0" sc="0" sl="183" ec="1" el="272" bec="0" bev="0" fileid="16" xmlns:p8="xsi" />
            </Method>
          </Methods>
        </Class>
        <Class>
          <Summary numSequencePoints="81" visitedSequencePoints="0" numBranchPoints="32" visitedBranchPoints="0" sequenceCoverage="0" branchCoverage="0" maxCyclomaticComplexity="32" minCyclomaticComplexity="32" visitedClasses="0" numClasses="1" visitedMethods="0" numMethods="1" />
          <FullName>CoolCurl.Infrastructure.OpenAiService/&lt;GenerateCurlCommandAsync&gt;d__6</FullName>
          <Methods>
            <Method cyclomaticComplexity="32" nPathComplexity="32" sequenceCoverage="0" branchCoverage="0" isConstructor="False" isGetter="False" isSetter="False" isStatic="True">
              <Summary numSequencePoints="81" visitedSequencePoints="0" numBranchPoints="32" visitedBranchPoints="0" sequenceCoverage="0" branchCoverage="0" maxCyclomaticComplexity="32" minCyclomaticComplexity="32" visitedClasses="0" numClasses="0" visitedMethods="0" numMethods="1" />
              <MetadataToken />
              <Name>System.Void CoolCurl.Infrastructure.OpenAiService/&lt;GenerateCurlCommandAsync&gt;d__6::MoveNext()</Name>
              <FileRef uid="16" />
              <SequencePoints>
                <SequencePoint vc="0" uspid="44" ordinal="0" sl="44" sc="1" el="44" ec="2" bec="0" bev="0" fileid="16" />
                <SequencePoint vc="0" uspid="45" ordinal="1" sl="45" sc="1" el="45" ec="2" bec="0" bev="0" fileid="16" />
                <SequencePoint vc="0" uspid="47" ordinal="2" sl="47" sc="1" el="47" ec="2" bec="2" bev="0" fileid="16" />
                <SequencePoint vc="0" uspid="48" ordinal="3" sl="48" sc="1" el="48" ec="2" bec="0" bev="0" fileid="16" />
                <SequencePoint vc="0" uspid="49" ordinal="4" sl="49" sc="1" el="49" ec="2" bec="0" bev="0" fileid="16" />
                <SequencePoint vc="0" uspid="52" ordinal="5" sl="52" sc="1" el="52" ec="2" bec="0" bev="0" fileid="16" />
                <SequencePoint vc="0" uspid="53" ordinal="6" sl="53" sc="1" el="53" ec="2" bec="0" bev="0" fileid="16" />
                <SequencePoint vc="0" uspid="55" ordinal="7" sl="55" sc="1" el="55" ec="2" bec="0" bev="0" fileid="16" />
                <SequencePoint vc="0" uspid="56" ordinal="8" sl="56" sc="1" el="56" ec="2" bec="0" bev="0" fileid="16" />
                <SequencePoint vc="0" uspid="57" ordinal="9" sl="57" sc="1" el="57" ec="2" bec="0" bev="0" fileid="16" />
                <SequencePoint vc="0" uspid="58" ordinal="10" sl="58" sc="1" el="58" ec="2" bec="0" bev="0" fileid="16" />
                <SequencePoint vc="0" uspid="59" ordinal="11" sl="59" sc="1" el="59" ec="2" bec="0" bev="0" fileid="16" />
                <SequencePoint vc="0" uspid="60" ordinal="12" sl="60" sc="1" el="60" ec="2" bec="0" bev="0" fileid="16" />
                <SequencePoint vc="0" uspid="61" ordinal="13" sl="61" sc="1" el="61" ec="2" bec="0" bev="0" fileid="16" />
                <SequencePoint vc="0" uspid="62" ordinal="14" sl="62" sc="1" el="62" ec="2" bec="0" bev="0" fileid="16" />
                <SequencePoint vc="0" uspid="63" ordinal="15" sl="63" sc="1" el="63" ec="2" bec="0" bev="0" fileid="16" />
                <SequencePoint vc="0" uspid="64" ordinal="16" sl="64" sc="1" el="64" ec="2" bec="0" bev="0" fileid="16" />
                <SequencePoint vc="0" uspid="66" ordinal="17" sl="66" sc="1" el="66" ec="2" bec="0" bev="0" fileid="16" />
                <SequencePoint vc="0" uspid="67" ordinal="18" sl="67" sc="1" el="67" ec="2" bec="0" bev="0" fileid="16" />
                <SequencePoint vc="0" uspid="69" ordinal="19" sl="69" sc="1" el="69" ec="2" bec="0" bev="0" fileid="16" />
                <SequencePoint vc="0" uspid="70" ordinal="20" sl="70" sc="1" el="70" ec="2" bec="0" bev="0" fileid="16" />
                <SequencePoint vc="0" uspid="71" ordinal="21" sl="71" sc="1" el="71" ec="2" bec="0" bev="0" fileid="16" />
                <SequencePoint vc="0" uspid="72" ordinal="22" sl="72" sc="1" el="72" ec="2" bec="0" bev="0" fileid="16" />
                <SequencePoint vc="0" uspid="73" ordinal="23" sl="73" sc="1" el="73" ec="2" bec="0" bev="0" fileid="16" />
                <SequencePoint vc="0" uspid="76" ordinal="24" sl="76" sc="1" el="76" ec="2" bec="0" bev="0" fileid="16" />
                <SequencePoint vc="0" uspid="77" ordinal="25" sl="77" sc="1" el="77" ec="2" bec="0" bev="0" fileid="16" />
                <SequencePoint vc="0" uspid="79" ordinal="26" sl="79" sc="1" el="79" ec="2" bec="2" bev="0" fileid="16" />
                <SequencePoint vc="0" uspid="80" ordinal="27" sl="80" sc="1" el="80" ec="2" bec="0" bev="0" fileid="16" />
                <SequencePoint vc="0" uspid="81" ordinal="28" sl="81" sc="1" el="81" ec="2" bec="0" bev="0" fileid="16" />
                <SequencePoint vc="0" uspid="82" ordinal="29" sl="82" sc="1" el="82" ec="2" bec="0" bev="0" fileid="16" />
                <SequencePoint vc="0" uspid="84" ordinal="30" sl="84" sc="1" el="84" ec="2" bec="0" bev="0" fileid="16" />
                <SequencePoint vc="0" uspid="85" ordinal="31" sl="85" sc="1" el="85" ec="2" bec="2" bev="0" fileid="16" />
                <SequencePoint vc="0" uspid="86" ordinal="32" sl="86" sc="1" el="86" ec="2" bec="0" bev="0" fileid="16" />
                <SequencePoint vc="0" uspid="87" ordinal="33" sl="87" sc="1" el="87" ec="2" bec="0" bev="0" fileid="16" />
                <SequencePoint vc="0" uspid="88" ordinal="34" sl="88" sc="1" el="88" ec="2" bec="0" bev="0" fileid="16" />
                <SequencePoint vc="0" uspid="89" ordinal="35" sl="89" sc="1" el="89" ec="2" bec="2" bev="0" fileid="16" />
                <SequencePoint vc="0" uspid="90" ordinal="36" sl="90" sc="1" el="90" ec="2" bec="0" bev="0" fileid="16" />
                <SequencePoint vc="0" uspid="91" ordinal="37" sl="91" sc="1" el="91" ec="2" bec="0" bev="0" fileid="16" />
                <SequencePoint vc="0" uspid="92" ordinal="38" sl="92" sc="1" el="92" ec="2" bec="0" bev="0" fileid="16" />
                <SequencePoint vc="0" uspid="94" ordinal="39" sl="94" sc="1" el="94" ec="2" bec="0" bev="0" fileid="16" />
                <SequencePoint vc="0" uspid="95" ordinal="40" sl="95" sc="1" el="95" ec="2" bec="0" bev="0" fileid="16" />
                <SequencePoint vc="0" uspid="96" ordinal="41" sl="96" sc="1" el="96" ec="2" bec="0" bev="0" fileid="16" />
                <SequencePoint vc="0" uspid="97" ordinal="42" sl="97" sc="1" el="97" ec="2" bec="0" bev="0" fileid="16" />
                <SequencePoint vc="0" uspid="98" ordinal="43" sl="98" sc="1" el="98" ec="2" bec="0" bev="0" fileid="16" />
                <SequencePoint vc="0" uspid="101" ordinal="44" sl="101" sc="1" el="101" ec="2" bec="0" bev="0" fileid="16" />
                <SequencePoint vc="0" uspid="102" ordinal="45" sl="102" sc="1" el="102" ec="2" bec="0" bev="0" fileid="16" />
                <SequencePoint vc="0" uspid="104" ordinal="46" sl="104" sc="1" el="104" ec="2" bec="6" bev="0" fileid="16" />
                <SequencePoint vc="0" uspid="105" ordinal="47" sl="105" sc="1" el="105" ec="2" bec="0" bev="0" fileid="16" />
                <SequencePoint vc="0" uspid="106" ordinal="48" sl="106" sc="1" el="106" ec="2" bec="0" bev="0" fileid="16" />
                <SequencePoint vc="0" uspid="107" ordinal="49" sl="107" sc="1" el="107" ec="2" bec="6" bev="0" fileid="16" />
                <SequencePoint vc="0" uspid="108" ordinal="50" sl="108" sc="1" el="108" ec="2" bec="0" bev="0" fileid="16" />
                <SequencePoint vc="0" uspid="109" ordinal="51" sl="109" sc="1" el="109" ec="2" bec="0" bev="0" fileid="16" />
                <SequencePoint vc="0" uspid="111" ordinal="52" sl="111" sc="1" el="111" ec="2" bec="4" bev="0" fileid="16" />
                <SequencePoint vc="0" uspid="112" ordinal="53" sl="112" sc="1" el="112" ec="2" bec="0" bev="0" fileid="16" />
                <SequencePoint vc="0" uspid="113" ordinal="54" sl="113" sc="1" el="113" ec="2" bec="2" bev="0" fileid="16" />
                <SequencePoint vc="0" uspid="114" ordinal="55" sl="114" sc="1" el="114" ec="2" bec="0" bev="0" fileid="16" />
                <SequencePoint vc="0" uspid="115" ordinal="56" sl="115" sc="1" el="115" ec="2" bec="0" bev="0" fileid="16" />
                <SequencePoint vc="0" uspid="116" ordinal="57" sl="116" sc="1" el="116" ec="2" bec="0" bev="0" fileid="16" />
                <SequencePoint vc="0" uspid="117" ordinal="58" sl="117" sc="1" el="117" ec="2" bec="0" bev="0" fileid="16" />
                <SequencePoint vc="0" uspid="118" ordinal="59" sl="118" sc="1" el="118" ec="2" bec="2" bev="0" fileid="16" />
                <SequencePoint vc="0" uspid="119" ordinal="60" sl="119" sc="1" el="119" ec="2" bec="0" bev="0" fileid="16" />
                <SequencePoint vc="0" uspid="120" ordinal="61" sl="120" sc="1" el="120" ec="2" bec="2" bev="0" fileid="16" />
                <SequencePoint vc="0" uspid="121" ordinal="62" sl="121" sc="1" el="121" ec="2" bec="0" bev="0" fileid="16" />
                <SequencePoint vc="0" uspid="122" ordinal="63" sl="122" sc="1" el="122" ec="2" bec="0" bev="0" fileid="16" />
                <SequencePoint vc="0" uspid="123" ordinal="64" sl="123" sc="1" el="123" ec="2" bec="2" bev="0" fileid="16" />
                <SequencePoint vc="0" uspid="124" ordinal="65" sl="124" sc="1" el="124" ec="2" bec="0" bev="0" fileid="16" />
                <SequencePoint vc="0" uspid="125" ordinal="66" sl="125" sc="1" el="125" ec="2" bec="0" bev="0" fileid="16" />
                <SequencePoint vc="0" uspid="126" ordinal="67" sl="126" sc="1" el="126" ec="2" bec="0" bev="0" fileid="16" />
                <SequencePoint vc="0" uspid="127" ordinal="68" sl="127" sc="1" el="127" ec="2" bec="0" bev="0" fileid="16" />
                <SequencePoint vc="0" uspid="128" ordinal="69" sl="128" sc="1" el="128" ec="2" bec="0" bev="0" fileid="16" />
                <SequencePoint vc="0" uspid="129" ordinal="70" sl="129" sc="1" el="129" ec="2" bec="0" bev="0" fileid="16" />
                <SequencePoint vc="0" uspid="131" ordinal="71" sl="131" sc="1" el="131" ec="2" bec="0" bev="0" fileid="16" />
                <SequencePoint vc="0" uspid="133" ordinal="72" sl="133" sc="1" el="133" ec="2" bec="0" bev="0" fileid="16" />
                <SequencePoint vc="0" uspid="135" ordinal="73" sl="135" sc="1" el="135" ec="2" bec="0" bev="0" fileid="16" />
                <SequencePoint vc="0" uspid="137" ordinal="74" sl="137" sc="1" el="137" ec="2" bec="0" bev="0" fileid="16" />
                <SequencePoint vc="0" uspid="138" ordinal="75" sl="138" sc="1" el="138" ec="2" bec="0" bev="0" fileid="16" />
                <SequencePoint vc="0" uspid="139" ordinal="76" sl="139" sc="1" el="139" ec="2" bec="0" bev="0" fileid="16" />
                <SequencePoint vc="0" uspid="141" ordinal="77" sl="141" sc="1" el="141" ec="2" bec="0" bev="0" fileid="16" />
                <SequencePoint vc="0" uspid="142" ordinal="78" sl="142" sc="1" el="142" ec="2" bec="0" bev="0" fileid="16" />
                <SequencePoint vc="0" uspid="143" ordinal="79" sl="143" sc="1" el="143" ec="2" bec="0" bev="0" fileid="16" />
                <SequencePoint vc="0" uspid="145" ordinal="80" sl="145" sc="1" el="145" ec="2" bec="0" bev="0" fileid="16" />
              </SequencePoints>
              <BranchPoints>
                <BranchPoint vc="0" uspid="47" ordinal="0" path="0" offset="59" offsetend="61" sl="47" fileid="16" />
                <BranchPoint vc="0" uspid="47" ordinal="1" path="1" offset="59" offsetend="73" sl="47" fileid="16" />
                <BranchPoint vc="0" uspid="79" ordinal="2" path="0" offset="588" offsetend="593" sl="79" fileid="16" />
                <BranchPoint vc="0" uspid="85" ordinal="4" path="0" offset="770" offsetend="772" sl="85" fileid="16" />
                <BranchPoint vc="0" uspid="85" ordinal="5" path="1" offset="770" offsetend="787" sl="85" fileid="16" />
                <BranchPoint vc="0" uspid="89" ordinal="6" path="0" offset="804" offsetend="806" sl="89" fileid="16" />
                <BranchPoint vc="0" uspid="89" ordinal="7" path="1" offset="804" offsetend="821" sl="89" fileid="16" />
                <BranchPoint vc="0" uspid="79" ordinal="3" path="1" offset="588" offsetend="912" sl="79" fileid="16" />
                <BranchPoint vc="0" uspid="104" ordinal="8" path="0" offset="1071" offsetend="1073" sl="104" fileid="16" />
                <BranchPoint vc="0" uspid="104" ordinal="9" path="1" offset="1071" offsetend="1077" sl="104" fileid="16" />
                <BranchPoint vc="0" uspid="104" ordinal="10" path="0" offset="1082" offsetend="1084" sl="104" fileid="16" />
                <BranchPoint vc="0" uspid="104" ordinal="11" path="1" offset="1082" offsetend="1101" sl="104" fileid="16" />
                <BranchPoint vc="0" uspid="104" ordinal="12" path="0" offset="1106" offsetend="1111" sl="104" fileid="16" />
                <BranchPoint vc="0" uspid="107" ordinal="14" path="0" offset="1138" offsetend="1140" sl="107" fileid="16" />
                <BranchPoint vc="0" uspid="107" ordinal="15" path="1" offset="1138" offsetend="1144" sl="107" fileid="16" />
                <BranchPoint vc="0" uspid="107" ordinal="16" path="0" offset="1150" offsetend="1152" sl="107" fileid="16" />
                <BranchPoint vc="0" uspid="107" ordinal="17" path="1" offset="1150" offsetend="1156" sl="107" fileid="16" />
                <BranchPoint vc="0" uspid="107" ordinal="18" path="0" offset="1168" offsetend="1173" sl="107" fileid="16" />
                <BranchPoint vc="0" uspid="111" ordinal="20" path="0" offset="1213" offsetend="1215" sl="111" fileid="16" />
                <BranchPoint vc="0" uspid="111" ordinal="21" path="1" offset="1213" offsetend="1231" sl="111" fileid="16" />
                <BranchPoint vc="0" uspid="111" ordinal="22" path="0" offset="1236" offsetend="1238" sl="111" fileid="16" />
                <BranchPoint vc="0" uspid="113" ordinal="24" path="0" offset="1262" offsetend="1264" sl="113" fileid="16" />
                <BranchPoint vc="0" uspid="113" ordinal="25" path="1" offset="1262" offsetend="1299" sl="113" fileid="16" />
                <BranchPoint vc="0" uspid="111" ordinal="23" path="1" offset="1236" offsetend="1305" sl="111" fileid="16" />
                <BranchPoint vc="0" uspid="118" ordinal="26" path="0" offset="1323" offsetend="1328" sl="118" fileid="16" />
                <BranchPoint vc="0" uspid="120" ordinal="28" path="0" offset="1352" offsetend="1354" sl="120" fileid="16" />
                <BranchPoint vc="0" uspid="123" ordinal="30" path="0" offset="1395" offsetend="1397" sl="123" fileid="16" />
                <BranchPoint vc="0" uspid="123" ordinal="31" path="1" offset="1395" offsetend="1432" sl="123" fileid="16" />
                <BranchPoint vc="0" uspid="120" ordinal="29" path="1" offset="1352" offsetend="1468" sl="120" fileid="16" />
                <BranchPoint vc="0" uspid="118" ordinal="27" path="1" offset="1323" offsetend="1469" sl="118" fileid="16" />
                <BranchPoint vc="0" uspid="107" ordinal="19" path="1" offset="1168" offsetend="1481" sl="107" fileid="16" />
                <BranchPoint vc="0" uspid="104" ordinal="13" path="1" offset="1106" offsetend="1489" sl="104" fileid="16" />
              </BranchPoints>
              <MethodPoint vc="0" uspid="0" p8:type="SequencePoint" ordinal="0" offset="0" sc="0" sl="44" ec="1" el="145" bec="0" bev="0" fileid="16" xmlns:p8="xsi" />
            </Method>
          </Methods>
        </Class>
      </Classes>
    </Module>
  </Modules>
</CoverageSession>